<?xml version="1.0" encoding="UTF-8"?>
<testsuite xmlns:xsi="http://www.w3.org/2001/XMLSchema-instance" xsi:noNamespaceSchemaLocation="https://maven.apache.org/surefire/maven-surefire-plugin/xsd/surefire-test-report.xsd" name="com.hazelcast.client.HazelCastClientJarApplicationTests" time="5.89" tests="1" errors="1" skipped="0" failures="0">
  <properties>
[...]
</properties>
  <testcase name="contextLoads" classname="com.hazelcast.client.HazelCastClientJarApplicationTests" time="0.003">
    <error message="Failed to load ApplicationContext" type="java.lang.IllegalStateException">java.lang.IllegalStateException: Failed to load ApplicationContext
Caused by: org.springframework.beans.factory.UnsatisfiedDependencyException: Error creating bean with name 'hazelcastController' defined in file [/Users/SAMRAT/eclipse-workspace/GCP/HazelCastClientJAR/target/classes/com/hazelcast/client/controllers/HazelcastController.class]: Unsatisfied dependency expressed through constructor parameter 0; nested exception is org.springframework.beans.factory.BeanCreationException: Error creating bean with name 'hazelcastInstance' defined in class path resource [com/hazelcast/client/ApplicationConfig$HazelcastClientConfiguration.class]: Bean instantiation via factory method failed; nested exception is org.springframework.beans.BeanInstantiationException: Failed to instantiate [com.hazelcast.core.HazelcastInstance]: Factory method 'hazelcastInstance' threw exception; nested exception is java.lang.RuntimeException: Failed to configure discovery strategies
Caused by: org.springframework.beans.factory.BeanCreationException: Error creating bean with name 'hazelcastInstance' defined in class path resource [com/hazelcast/client/ApplicationConfig$HazelcastClientConfiguration.class]: Bean instantiation via factory method failed; nested exception is org.springframework.beans.BeanInstantiationException: Failed to instantiate [com.hazelcast.core.HazelcastInstance]: Factory method 'hazelcastInstance' threw exception; nested exception is java.lang.RuntimeException: Failed to configure discovery strategies
Caused by: org.springframework.beans.BeanInstantiationException: Failed to instantiate [com.hazelcast.core.HazelcastInstance]: Factory method 'hazelcastInstance' threw exception; nested exception is java.lang.RuntimeException: Failed to configure discovery strategies
Caused by: java.lang.RuntimeException: Failed to configure discovery strategies
Caused by: java.lang.RuntimeException: Could not get token file
Caused by: java.io.FileNotFoundException: /var/run/secrets/kubernetes.io/serviceaccount/token (No such file or directory)
</error>
    <system-out><![CDATA[12:26:20.912 [main] DEBUG org.springframework.test.context.junit4.SpringJUnit4ClassRunner - SpringJUnit4ClassRunner constructor called with [class com.hazelcast.client.HazelCastClientJarApplicationTests]
12:26:20.925 [main] DEBUG org.springframework.test.context.BootstrapUtils - Instantiating CacheAwareContextLoaderDelegate from class [org.springframework.test.context.cache.DefaultCacheAwareContextLoaderDelegate]
12:26:20.935 [main] DEBUG org.springframework.test.context.BootstrapUtils - Instantiating BootstrapContext using constructor [public org.springframework.test.context.support.DefaultBootstrapContext(java.lang.Class,org.springframework.test.context.CacheAwareContextLoaderDelegate)]
12:26:20.965 [main] DEBUG org.springframework.test.context.BootstrapUtils - Instantiating TestContextBootstrapper for test class [com.hazelcast.client.HazelCastClientJarApplicationTests] from class [org.springframework.boot.test.context.SpringBootTestContextBootstrapper]
12:26:21.007 [main] INFO org.springframework.boot.test.context.SpringBootTestContextBootstrapper - Neither @ContextConfiguration nor @ContextHierarchy found for test class [com.hazelcast.client.HazelCastClientJarApplicationTests], using SpringBootContextLoader
12:26:21.015 [main] DEBUG org.springframework.test.context.support.AbstractContextLoader - Did not detect default resource location for test class [com.hazelcast.client.HazelCastClientJarApplicationTests]: class path resource [com/hazelcast/client/HazelCastClientJarApplicationTests-context.xml] does not exist
12:26:21.048 [main] DEBUG org.springframework.test.context.support.AbstractContextLoader - Did not detect default resource location for test class [com.hazelcast.client.HazelCastClientJarApplicationTests]: class path resource [com/hazelcast/client/HazelCastClientJarApplicationTestsContext.groovy] does not exist
12:26:21.049 [main] INFO org.springframework.test.context.support.AbstractContextLoader - Could not detect default resource locations for test class [com.hazelcast.client.HazelCastClientJarApplicationTests]: no resource found for suffixes {-context.xml, Context.groovy}.
12:26:21.053 [main] INFO org.springframework.test.context.support.AnnotationConfigContextLoaderUtils - Could not detect default configuration classes for test class [com.hazelcast.client.HazelCastClientJarApplicationTests]: HazelCastClientJarApplicationTests does not declare any static, non-private, non-final, nested classes annotated with @Configuration.
12:26:21.122 [main] DEBUG org.springframework.test.context.support.ActiveProfilesUtils - Could not find an 'annotation declaring class' for annotation type [org.springframework.test.context.ActiveProfiles] and class [com.hazelcast.client.HazelCastClientJarApplicationTests]
12:26:21.147 [main] DEBUG org.springframework.core.env.StandardEnvironment - Adding PropertySource 'systemProperties' with lowest search precedence
12:26:21.147 [main] DEBUG org.springframework.core.env.StandardEnvironment - Adding PropertySource 'systemEnvironment' with lowest search precedence
12:26:21.148 [main] DEBUG org.springframework.core.env.StandardEnvironment - Initialized StandardEnvironment with PropertySources [MapPropertySource@1873859565 {name='systemProperties', properties={java.runtime.name=Java(TM) SE Runtime Environment, sun.boot.library.path=/Library/Java/JavaVirtualMachines/jdk1.8.0_101.jdk/Contents/Home/jre/lib, java.vm.version=25.101-b13, gopherProxySet=false, java.vm.vendor=Oracle Corporation, java.vendor.url=http://java.oracle.com/, path.separator=:, java.vm.name=Java HotSpot(TM) 64-Bit Server VM, file.encoding.pkg=sun.io, user.country=GB, sun.java.launcher=SUN_STANDARD, sun.os.patch.level=unknown, java.vm.specification.name=Java Virtual Machine Specification, user.dir=/Users/SAMRAT/eclipse-workspace/GCP/HazelCastClientJAR, java.runtime.version=1.8.0_101-b13, basedir=/Users/SAMRAT/eclipse-workspace/GCP/HazelCastClientJAR, java.awt.graphicsenv=sun.awt.CGraphicsEnvironment, java.endorsed.dirs=/Library/Java/JavaVirtualMachines/jdk1.8.0_101.jdk/Contents/Home/jre/lib/endorsed, os.arch=x86_64, surefire.real.class.path=/Users/SAMRAT/eclipse-workspace/GCP/HazelCastClientJAR/target/surefire/surefirebooter2362857117478142604.jar, java.io.tmpdir=/var/folders/4g/9gl2snq56d93fwxsbzd34f280000gn/T/, line.separator=
, java.vm.specification.vendor=Oracle Corporation, os.name=Mac OS X, sun.jnu.encoding=UTF-8, java.library.path=/Users/SAMRAT/Library/Java/Extensions:/Library/Java/Extensions:/Network/Library/Java/Extensions:/System/Library/Java/Extensions:/usr/lib/java:., surefire.test.class.path=/Users/SAMRAT/eclipse-workspace/GCP/HazelCastClientJAR/target/test-classes:/Users/SAMRAT/eclipse-workspace/GCP/HazelCastClientJAR/target/classes:/Users/SAMRAT/.m2/repository/org/springframework/boot/spring-boot-starter/2.0.0.RELEASE/spring-boot-starter-2.0.0.RELEASE.jar:/Users/SAMRAT/.m2/repository/org/springframework/boot/spring-boot/2.0.0.RELEASE/spring-boot-2.0.0.RELEASE.jar:/Users/SAMRAT/.m2/repository/org/springframework/spring-context/5.0.4.RELEASE/spring-context-5.0.4.RELEASE.jar:/Users/SAMRAT/.m2/repository/org/springframework/boot/spring-boot-autoconfigure/2.0.0.RELEASE/spring-boot-autoconfigure-2.0.0.RELEASE.jar:/Users/SAMRAT/.m2/repository/org/springframework/boot/spring-boot-starter-logging/2.0.0.RELEASE/spring-boot-starter-logging-2.0.0.RELEASE.jar:/Users/SAMRAT/.m2/repository/ch/qos/logback/logback-classic/1.2.3/logback-classic-1.2.3.jar:/Users/SAMRAT/.m2/repository/ch/qos/logback/logback-core/1.2.3/logback-core-1.2.3.jar:/Users/SAMRAT/.m2/repository/org/apache/logging/log4j/log4j-to-slf4j/2.10.0/log4j-to-slf4j-2.10.0.jar:/Users/SAMRAT/.m2/repository/org/apache/logging/log4j/log4j-api/2.10.0/log4j-api-2.10.0.jar:/Users/SAMRAT/.m2/repository/org/slf4j/jul-to-slf4j/1.7.25/jul-to-slf4j-1.7.25.jar:/Users/SAMRAT/.m2/repository/javax/annotation/javax.annotation-api/1.3.2/javax.annotation-api-1.3.2.jar:/Users/SAMRAT/.m2/repository/org/springframework/spring-core/5.0.4.RELEASE/spring-core-5.0.4.RELEASE.jar:/Users/SAMRAT/.m2/repository/org/springframework/spring-jcl/5.0.4.RELEASE/spring-jcl-5.0.4.RELEASE.jar:/Users/SAMRAT/.m2/repository/org/yaml/snakeyaml/1.19/snakeyaml-1.19.jar:/Users/SAMRAT/.m2/repository/org/springframework/boot/spring-boot-starter-test/2.0.0.RELEASE/spring-boot-starter-test-2.0.0.RELEASE.jar:/Users/SAMRAT/.m2/repository/org/springframework/boot/spring-boot-test/2.0.0.RELEASE/spring-boot-test-2.0.0.RELEASE.jar:/Users/SAMRAT/.m2/repository/org/springframework/boot/spring-boot-test-autoconfigure/2.0.0.RELEASE/spring-boot-test-autoconfigure-2.0.0.RELEASE.jar:/Users/SAMRAT/.m2/repository/com/jayway/jsonpath/json-path/2.4.0/json-path-2.4.0.jar:/Users/SAMRAT/.m2/repository/net/minidev/json-smart/2.3/json-smart-2.3.jar:/Users/SAMRAT/.m2/repository/net/minidev/accessors-smart/1.2/accessors-smart-1.2.jar:/Users/SAMRAT/.m2/repository/org/ow2/asm/asm/5.0.4/asm-5.0.4.jar:/Users/SAMRAT/.m2/repository/junit/junit/4.12/junit-4.12.jar:/Users/SAMRAT/.m2/repository/org/assertj/assertj-core/3.9.1/assertj-core-3.9.1.jar:/Users/SAMRAT/.m2/repository/org/mockito/mockito-core/2.15.0/mockito-core-2.15.0.jar:/Users/SAMRAT/.m2/repository/net/bytebuddy/byte-buddy/1.7.10/byte-buddy-1.7.10.jar:/Users/SAMRAT/.m2/repository/net/bytebuddy/byte-buddy-agent/1.7.10/byte-buddy-agent-1.7.10.jar:/Users/SAMRAT/.m2/repository/org/objenesis/objenesis/2.6/objenesis-2.6.jar:/Users/SAMRAT/.m2/repository/org/hamcrest/hamcrest-core/1.3/hamcrest-core-1.3.jar:/Users/SAMRAT/.m2/repository/org/hamcrest/hamcrest-library/1.3/hamcrest-library-1.3.jar:/Users/SAMRAT/.m2/repository/org/skyscreamer/jsonassert/1.5.0/jsonassert-1.5.0.jar:/Users/SAMRAT/.m2/repository/com/vaadin/external/google/android-json/0.0.20131108.vaadin1/android-json-0.0.20131108.vaadin1.jar:/Users/SAMRAT/.m2/repository/org/springframework/spring-test/5.0.4.RELEASE/spring-test-5.0.4.RELEASE.jar:/Users/SAMRAT/.m2/repository/org/xmlunit/xmlunit-core/2.5.1/xmlunit-core-2.5.1.jar:/Users/SAMRAT/.m2/repository/com/hazelcast/hazelcast/3.12.2/hazelcast-3.12.2.jar:/Users/SAMRAT/.m2/repository/com/hazelcast/hazelcast-client/3.12.2/hazelcast-client-3.12.2.jar:/Users/SAMRAT/.m2/repository/com/hazelcast/hazelcast-kubernetes/1.1.0/hazelcast-kubernetes-1.1.0.jar:/Users/SAMRAT/.m2/repository/io/fabric8/kubernetes-client/3.0.3/kubernetes-client-3.0.3.jar:/Users/SAMRAT/.m2/repository/io/fabric8/kubernetes-model/2.0.4/kubernetes-model-2.0.4.jar:/Users/SAMRAT/.m2/repository/com/fasterxml/jackson/module/jackson-module-jaxb-annotations/2.9.4/jackson-module-jaxb-annotations-2.9.4.jar:/Users/SAMRAT/.m2/repository/com/squareup/okhttp3/okhttp/3.9.0/okhttp-3.9.0.jar:/Users/SAMRAT/.m2/repository/com/squareup/okio/okio/1.13.0/okio-1.13.0.jar:/Users/SAMRAT/.m2/repository/com/squareup/okhttp3/logging-interceptor/3.9.0/logging-interceptor-3.9.0.jar:/Users/SAMRAT/.m2/repository/com/fasterxml/jackson/dataformat/jackson-dataformat-yaml/2.9.4/jackson-dataformat-yaml-2.9.4.jar:/Users/SAMRAT/.m2/repository/com/fasterxml/jackson/core/jackson-databind/2.9.4/jackson-databind-2.9.4.jar:/Users/SAMRAT/.m2/repository/com/fasterxml/jackson/core/jackson-annotations/2.9.0/jackson-annotations-2.9.0.jar:/Users/SAMRAT/.m2/repository/com/fasterxml/jackson/core/jackson-core/2.9.4/jackson-core-2.9.4.jar:/Users/SAMRAT/.m2/repository/io/fabric8/zjsonpatch/0.3.0/zjsonpatch-0.3.0.jar:/Users/SAMRAT/.m2/repository/com/github/mifmif/generex/1.0.1/generex-1.0.1.jar:/Users/SAMRAT/.m2/repository/dk/brics/automaton/automaton/1.11-8/automaton-1.11-8.jar:/Users/SAMRAT/.m2/repository/dnsjava/dnsjava/2.1.7/dnsjava-2.1.7.jar:/Users/SAMRAT/.m2/repository/org/slf4j/slf4j-api/1.7.25/slf4j-api-1.7.25.jar:/Users/SAMRAT/.m2/repository/org/springframework/boot/spring-boot-starter-web/2.0.0.RELEASE/spring-boot-starter-web-2.0.0.RELEASE.jar:/Users/SAMRAT/.m2/repository/org/springframework/boot/spring-boot-starter-json/2.0.0.RELEASE/spring-boot-starter-json-2.0.0.RELEASE.jar:/Users/SAMRAT/.m2/repository/com/fasterxml/jackson/datatype/jackson-datatype-jdk8/2.9.4/jackson-datatype-jdk8-2.9.4.jar:/Users/SAMRAT/.m2/repository/com/fasterxml/jackson/datatype/jackson-datatype-jsr310/2.9.4/jackson-datatype-jsr310-2.9.4.jar:/Users/SAMRAT/.m2/repository/com/fasterxml/jackson/module/jackson-module-parameter-names/2.9.4/jackson-module-parameter-names-2.9.4.jar:/Users/SAMRAT/.m2/repository/org/springframework/boot/spring-boot-starter-tomcat/2.0.0.RELEASE/spring-boot-starter-tomcat-2.0.0.RELEASE.jar:/Users/SAMRAT/.m2/repository/org/apache/tomcat/embed/tomcat-embed-core/8.5.28/tomcat-embed-core-8.5.28.jar:/Users/SAMRAT/.m2/repository/org/apache/tomcat/embed/tomcat-embed-el/8.5.28/tomcat-embed-el-8.5.28.jar:/Users/SAMRAT/.m2/repository/org/apache/tomcat/embed/tomcat-embed-websocket/8.5.28/tomcat-embed-websocket-8.5.28.jar:/Users/SAMRAT/.m2/repository/org/hibernate/validator/hibernate-validator/6.0.7.Final/hibernate-validator-6.0.7.Final.jar:/Users/SAMRAT/.m2/repository/javax/validation/validation-api/2.0.1.Final/validation-api-2.0.1.Final.jar:/Users/SAMRAT/.m2/repository/org/jboss/logging/jboss-logging/3.3.2.Final/jboss-logging-3.3.2.Final.jar:/Users/SAMRAT/.m2/repository/com/fasterxml/classmate/1.3.4/classmate-1.3.4.jar:/Users/SAMRAT/.m2/repository/org/springframework/spring-web/5.0.4.RELEASE/spring-web-5.0.4.RELEASE.jar:/Users/SAMRAT/.m2/repository/org/springframework/spring-beans/5.0.4.RELEASE/spring-beans-5.0.4.RELEASE.jar:/Users/SAMRAT/.m2/repository/org/springframework/spring-webmvc/5.0.4.RELEASE/spring-webmvc-5.0.4.RELEASE.jar:/Users/SAMRAT/.m2/repository/org/springframework/spring-aop/5.0.4.RELEASE/spring-aop-5.0.4.RELEASE.jar:/Users/SAMRAT/.m2/repository/org/springframework/spring-expression/5.0.4.RELEASE/spring-expression-5.0.4.RELEASE.jar:, java.specification.name=Java Platform API Specification, java.class.version=52.0, sun.management.compiler=HotSpot 64-Bit Tiered Compilers, os.version=10.14.5, http.nonProxyHosts=local|*.local|169.254/16|*.169.254/16, user.home=/Users/SAMRAT, user.timezone=Europe/London, java.awt.printerjob=sun.lwawt.macosx.CPrinterJob, file.encoding=UTF-8, java.specification.version=1.8, java.class.path=/Users/SAMRAT/eclipse-workspace/GCP/HazelCastClientJAR/target/test-classes:/Users/SAMRAT/eclipse-workspace/GCP/HazelCastClientJAR/target/classes:/Users/SAMRAT/.m2/repository/org/springframework/boot/spring-boot-starter/2.0.0.RELEASE/spring-boot-starter-2.0.0.RELEASE.jar:/Users/SAMRAT/.m2/repository/org/springframework/boot/spring-boot/2.0.0.RELEASE/spring-boot-2.0.0.RELEASE.jar:/Users/SAMRAT/.m2/repository/org/springframework/spring-context/5.0.4.RELEASE/spring-context-5.0.4.RELEASE.jar:/Users/SAMRAT/.m2/repository/org/springframework/boot/spring-boot-autoconfigure/2.0.0.RELEASE/spring-boot-autoconfigure-2.0.0.RELEASE.jar:/Users/SAMRAT/.m2/repository/org/springframework/boot/spring-boot-starter-logging/2.0.0.RELEASE/spring-boot-starter-logging-2.0.0.RELEASE.jar:/Users/SAMRAT/.m2/repository/ch/qos/logback/logback-classic/1.2.3/logback-classic-1.2.3.jar:/Users/SAMRAT/.m2/repository/ch/qos/logback/logback-core/1.2.3/logback-core-1.2.3.jar:/Users/SAMRAT/.m2/repository/org/apache/logging/log4j/log4j-to-slf4j/2.10.0/log4j-to-slf4j-2.10.0.jar:/Users/SAMRAT/.m2/repository/org/apache/logging/log4j/log4j-api/2.10.0/log4j-api-2.10.0.jar:/Users/SAMRAT/.m2/repository/org/slf4j/jul-to-slf4j/1.7.25/jul-to-slf4j-1.7.25.jar:/Users/SAMRAT/.m2/repository/javax/annotation/javax.annotation-api/1.3.2/javax.annotation-api-1.3.2.jar:/Users/SAMRAT/.m2/repository/org/springframework/spring-core/5.0.4.RELEASE/spring-core-5.0.4.RELEASE.jar:/Users/SAMRAT/.m2/repository/org/springframework/spring-jcl/5.0.4.RELEASE/spring-jcl-5.0.4.RELEASE.jar:/Users/SAMRAT/.m2/repository/org/yaml/snakeyaml/1.19/snakeyaml-1.19.jar:/Users/SAMRAT/.m2/repository/org/springframework/boot/spring-boot-starter-test/2.0.0.RELEASE/spring-boot-starter-test-2.0.0.RELEASE.jar:/Users/SAMRAT/.m2/repository/org/springframework/boot/spring-boot-test/2.0.0.RELEASE/spring-boot-test-2.0.0.RELEASE.jar:/Users/SAMRAT/.m2/repository/org/springframework/boot/spring-boot-test-autoconfigure/2.0.0.RELEASE/spring-boot-test-autoconfigure-2.0.0.RELEASE.jar:/Users/SAMRAT/.m2/repository/com/jayway/jsonpath/json-path/2.4.0/json-path-2.4.0.jar:/Users/SAMRAT/.m2/repository/net/minidev/json-smart/2.3/json-smart-2.3.jar:/Users/SAMRAT/.m2/repository/net/minidev/accessors-smart/1.2/accessors-smart-1.2.jar:/Users/SAMRAT/.m2/repository/org/ow2/asm/asm/5.0.4/asm-5.0.4.jar:/Users/SAMRAT/.m2/repository/junit/junit/4.12/junit-4.12.jar:/Users/SAMRAT/.m2/repository/org/assertj/assertj-core/3.9.1/assertj-core-3.9.1.jar:/Users/SAMRAT/.m2/repository/org/mockito/mockito-core/2.15.0/mockito-core-2.15.0.jar:/Users/SAMRAT/.m2/repository/net/bytebuddy/byte-buddy/1.7.10/byte-buddy-1.7.10.jar:/Users/SAMRAT/.m2/repository/net/bytebuddy/byte-buddy-agent/1.7.10/byte-buddy-agent-1.7.10.jar:/Users/SAMRAT/.m2/repository/org/objenesis/objenesis/2.6/objenesis-2.6.jar:/Users/SAMRAT/.m2/repository/org/hamcrest/hamcrest-core/1.3/hamcrest-core-1.3.jar:/Users/SAMRAT/.m2/repository/org/hamcrest/hamcrest-library/1.3/hamcrest-library-1.3.jar:/Users/SAMRAT/.m2/repository/org/skyscreamer/jsonassert/1.5.0/jsonassert-1.5.0.jar:/Users/SAMRAT/.m2/repository/com/vaadin/external/google/android-json/0.0.20131108.vaadin1/android-json-0.0.20131108.vaadin1.jar:/Users/SAMRAT/.m2/repository/org/springframework/spring-test/5.0.4.RELEASE/spring-test-5.0.4.RELEASE.jar:/Users/SAMRAT/.m2/repository/org/xmlunit/xmlunit-core/2.5.1/xmlunit-core-2.5.1.jar:/Users/SAMRAT/.m2/repository/com/hazelcast/hazelcast/3.12.2/hazelcast-3.12.2.jar:/Users/SAMRAT/.m2/repository/com/hazelcast/hazelcast-client/3.12.2/hazelcast-client-3.12.2.jar:/Users/SAMRAT/.m2/repository/com/hazelcast/hazelcast-kubernetes/1.1.0/hazelcast-kubernetes-1.1.0.jar:/Users/SAMRAT/.m2/repository/io/fabric8/kubernetes-client/3.0.3/kubernetes-client-3.0.3.jar:/Users/SAMRAT/.m2/repository/io/fabric8/kubernetes-model/2.0.4/kubernetes-model-2.0.4.jar:/Users/SAMRAT/.m2/repository/com/fasterxml/jackson/module/jackson-module-jaxb-annotations/2.9.4/jackson-module-jaxb-annotations-2.9.4.jar:/Users/SAMRAT/.m2/repository/com/squareup/okhttp3/okhttp/3.9.0/okhttp-3.9.0.jar:/Users/SAMRAT/.m2/repository/com/squareup/okio/okio/1.13.0/okio-1.13.0.jar:/Users/SAMRAT/.m2/repository/com/squareup/okhttp3/logging-interceptor/3.9.0/logging-interceptor-3.9.0.jar:/Users/SAMRAT/.m2/repository/com/fasterxml/jackson/dataformat/jackson-dataformat-yaml/2.9.4/jackson-dataformat-yaml-2.9.4.jar:/Users/SAMRAT/.m2/repository/com/fasterxml/jackson/core/jackson-databind/2.9.4/jackson-databind-2.9.4.jar:/Users/SAMRAT/.m2/repository/com/fasterxml/jackson/core/jackson-annotations/2.9.0/jackson-annotations-2.9.0.jar:/Users/SAMRAT/.m2/repository/com/fasterxml/jackson/core/jackson-core/2.9.4/jackson-core-2.9.4.jar:/Users/SAMRAT/.m2/repository/io/fabric8/zjsonpatch/0.3.0/zjsonpatch-0.3.0.jar:/Users/SAMRAT/.m2/repository/com/github/mifmif/generex/1.0.1/generex-1.0.1.jar:/Users/SAMRAT/.m2/repository/dk/brics/automaton/automaton/1.11-8/automaton-1.11-8.jar:/Users/SAMRAT/.m2/repository/dnsjava/dnsjava/2.1.7/dnsjava-2.1.7.jar:/Users/SAMRAT/.m2/repository/org/slf4j/slf4j-api/1.7.25/slf4j-api-1.7.25.jar:/Users/SAMRAT/.m2/repository/org/springframework/boot/spring-boot-starter-web/2.0.0.RELEASE/spring-boot-starter-web-2.0.0.RELEASE.jar:/Users/SAMRAT/.m2/repository/org/springframework/boot/spring-boot-starter-json/2.0.0.RELEASE/spring-boot-starter-json-2.0.0.RELEASE.jar:/Users/SAMRAT/.m2/repository/com/fasterxml/jackson/datatype/jackson-datatype-jdk8/2.9.4/jackson-datatype-jdk8-2.9.4.jar:/Users/SAMRAT/.m2/repository/com/fasterxml/jackson/datatype/jackson-datatype-jsr310/2.9.4/jackson-datatype-jsr310-2.9.4.jar:/Users/SAMRAT/.m2/repository/com/fasterxml/jackson/module/jackson-module-parameter-names/2.9.4/jackson-module-parameter-names-2.9.4.jar:/Users/SAMRAT/.m2/repository/org/springframework/boot/spring-boot-starter-tomcat/2.0.0.RELEASE/spring-boot-starter-tomcat-2.0.0.RELEASE.jar:/Users/SAMRAT/.m2/repository/org/apache/tomcat/embed/tomcat-embed-core/8.5.28/tomcat-embed-core-8.5.28.jar:/Users/SAMRAT/.m2/repository/org/apache/tomcat/embed/tomcat-embed-el/8.5.28/tomcat-embed-el-8.5.28.jar:/Users/SAMRAT/.m2/repository/org/apache/tomcat/embed/tomcat-embed-websocket/8.5.28/tomcat-embed-websocket-8.5.28.jar:/Users/SAMRAT/.m2/repository/org/hibernate/validator/hibernate-validator/6.0.7.Final/hibernate-validator-6.0.7.Final.jar:/Users/SAMRAT/.m2/repository/javax/validation/validation-api/2.0.1.Final/validation-api-2.0.1.Final.jar:/Users/SAMRAT/.m2/repository/org/jboss/logging/jboss-logging/3.3.2.Final/jboss-logging-3.3.2.Final.jar:/Users/SAMRAT/.m2/repository/com/fasterxml/classmate/1.3.4/classmate-1.3.4.jar:/Users/SAMRAT/.m2/repository/org/springframework/spring-web/5.0.4.RELEASE/spring-web-5.0.4.RELEASE.jar:/Users/SAMRAT/.m2/repository/org/springframework/spring-beans/5.0.4.RELEASE/spring-beans-5.0.4.RELEASE.jar:/Users/SAMRAT/.m2/repository/org/springframework/spring-webmvc/5.0.4.RELEASE/spring-webmvc-5.0.4.RELEASE.jar:/Users/SAMRAT/.m2/repository/org/springframework/spring-aop/5.0.4.RELEASE/spring-aop-5.0.4.RELEASE.jar:/Users/SAMRAT/.m2/repository/org/springframework/spring-expression/5.0.4.RELEASE/spring-expression-5.0.4.RELEASE.jar:, user.name=SAMRAT, java.vm.specification.version=1.8, sun.java.command=/Users/SAMRAT/eclipse-workspace/GCP/HazelCastClientJAR/target/surefire/surefirebooter2362857117478142604.jar /Users/SAMRAT/eclipse-workspace/GCP/HazelCastClientJAR/target/surefire 2019-08-13T12-26-19_578-jvmRun1 surefire4483155357942994732tmp surefire_07408865888132666334tmp, java.home=/Library/Java/JavaVirtualMachines/jdk1.8.0_101.jdk/Contents/Home/jre, sun.arch.data.model=64, user.language=en, java.specification.vendor=Oracle Corporation, awt.toolkit=sun.lwawt.macosx.LWCToolkit, java.vm.info=mixed mode, java.version=1.8.0_101, java.ext.dirs=/Users/SAMRAT/Library/Java/Extensions:/Library/Java/JavaVirtualMachines/jdk1.8.0_101.jdk/Contents/Home/jre/lib/ext:/Library/Java/Extensions:/Network/Library/Java/Extensions:/System/Library/Java/Extensions:/usr/lib/java, sun.boot.class.path=/Library/Java/JavaVirtualMachines/jdk1.8.0_101.jdk/Contents/Home/jre/lib/resources.jar:/Library/Java/JavaVirtualMachines/jdk1.8.0_101.jdk/Contents/Home/jre/lib/rt.jar:/Library/Java/JavaVirtualMachines/jdk1.8.0_101.jdk/Contents/Home/jre/lib/sunrsasign.jar:/Library/Java/JavaVirtualMachines/jdk1.8.0_101.jdk/Contents/Home/jre/lib/jsse.jar:/Library/Java/JavaVirtualMachines/jdk1.8.0_101.jdk/Contents/Home/jre/lib/jce.jar:/Library/Java/JavaVirtualMachines/jdk1.8.0_101.jdk/Contents/Home/jre/lib/charsets.jar:/Library/Java/JavaVirtualMachines/jdk1.8.0_101.jdk/Contents/Home/jre/lib/jfr.jar:/Library/Java/JavaVirtualMachines/jdk1.8.0_101.jdk/Contents/Home/jre/classes, java.vendor=Oracle Corporation, localRepository=/Users/SAMRAT/.m2/repository, file.separator=/, java.vendor.url.bug=http://bugreport.sun.com/bugreport/, sun.io.unicode.encoding=UnicodeBig, sun.cpu.endian=little, socksNonProxyHosts=local|*.local|169.254/16|*.169.254/16, ftp.nonProxyHosts=local|*.local|169.254/16|*.169.254/16, sun.cpu.isalist=}}, SystemEnvironmentPropertySource@1843289228 {name='systemEnvironment', properties={PATH=/usr/bin:/bin:/usr/sbin:/sbin, COMMAND_MODE=unix2003, LOGNAME=SAMRAT, XPC_SERVICE_NAME=0, JAVA_STARTED_ON_FIRST_THREAD_22118=1, PWD=/Users/SAMRAT/eclipse-workspace/GCP/HazelCastClientJAR, _=/Library/Java/JavaVirtualMachines/jdk1.8.0_101.jdk/Contents/Home/jre/bin/java, APP_ICON_22969=../Resources/Eclipse.icns, SHELL=/bin/bash, JAVA_MAIN_CLASS_73817=org.apache.maven.surefire.booter.ForkedBooter, JAVA_STARTED_ON_FIRST_THREAD_23671=1, SQLITE_EXEMPT_PATH_FROM_VNODE_GUARDS=/Users/SAMRAT/Library/WebKit/Databases, OLDPWD=/Users/SAMRAT/eclipse-workspace/GCP/HazelCastClientJAR, JAVA_STARTED_ON_FIRST_THREAD_69210=1, USER=SAMRAT, TMPDIR=/var/folders/4g/9gl2snq56d93fwxsbzd34f280000gn/T/, JAVA_STARTED_ON_FIRST_THREAD_22969=1, SSH_AUTH_SOCK=/private/tmp/com.apple.launchd.k6F0mENd2q/Listeners, APP_ICON_23671=../Resources/Eclipse.icns, XPC_FLAGS=0x0, APP_ICON_69210=../Resources/Eclipse.icns, __CF_USER_TEXT_ENCODING=0x1F5:0x0:0x2, Apple_PubSub_Socket_Render=/private/tmp/com.apple.launchd.4LyWhb1hQA/Render, JAVA_MAIN_CLASS_73814=org.codehaus.plexus.classworlds.launcher.Launcher, HOME=/Users/SAMRAT, SHLVL=1}}]
12:26:21.192 [main] DEBUG org.springframework.core.io.support.PathMatchingResourcePatternResolver - Resolved classpath location [com/hazelcast/client/] to resources [URL [file:/Users/SAMRAT/eclipse-workspace/GCP/HazelCastClientJAR/target/test-classes/com/hazelcast/client/], URL [file:/Users/SAMRAT/eclipse-workspace/GCP/HazelCastClientJAR/target/classes/com/hazelcast/client/], URL [jar:file:/Users/SAMRAT/.m2/repository/com/hazelcast/hazelcast/3.12.2/hazelcast-3.12.2.jar!/com/hazelcast/client/], URL [jar:file:/Users/SAMRAT/.m2/repository/com/hazelcast/hazelcast-client/3.12.2/hazelcast-client-3.12.2.jar!/com/hazelcast/client/]]
12:26:21.194 [main] DEBUG org.springframework.core.io.support.PathMatchingResourcePatternResolver - Looking for matching resources in directory tree [/Users/SAMRAT/eclipse-workspace/GCP/HazelCastClientJAR/target/test-classes/com/hazelcast/client]
12:26:21.195 [main] DEBUG org.springframework.core.io.support.PathMatchingResourcePatternResolver - Searching directory [/Users/SAMRAT/eclipse-workspace/GCP/HazelCastClientJAR/target/test-classes/com/hazelcast/client] for files matching pattern [/Users/SAMRAT/eclipse-workspace/GCP/HazelCastClientJAR/target/test-classes/com/hazelcast/client/*.class]
12:26:21.201 [main] DEBUG org.springframework.core.io.support.PathMatchingResourcePatternResolver - Looking for matching resources in directory tree [/Users/SAMRAT/eclipse-workspace/GCP/HazelCastClientJAR/target/classes/com/hazelcast/client]
12:26:21.202 [main] DEBUG org.springframework.core.io.support.PathMatchingResourcePatternResolver - Searching directory [/Users/SAMRAT/eclipse-workspace/GCP/HazelCastClientJAR/target/classes/com/hazelcast/client] for files matching pattern [/Users/SAMRAT/eclipse-workspace/GCP/HazelCastClientJAR/target/classes/com/hazelcast/client/*.class]
12:26:21.205 [main] DEBUG org.springframework.core.io.support.PathMatchingResourcePatternResolver - Looking for matching resources in jar file [file:/Users/SAMRAT/.m2/repository/com/hazelcast/hazelcast/3.12.2/hazelcast-3.12.2.jar]
12:26:21.308 [main] DEBUG org.springframework.core.io.support.PathMatchingResourcePatternResolver - Looking for matching resources in jar file [file:/Users/SAMRAT/.m2/repository/com/hazelcast/hazelcast-client/3.12.2/hazelcast-client-3.12.2.jar]
12:26:21.316 [main] DEBUG org.springframework.core.io.support.PathMatchingResourcePatternResolver - Resolved location pattern [classpath*:com/hazelcast/client/*.class] to resources [file [/Users/SAMRAT/eclipse-workspace/GCP/HazelCastClientJAR/target/test-classes/com/hazelcast/client/HazelCastClientJarApplicationTests.class], file [/Users/SAMRAT/eclipse-workspace/GCP/HazelCastClientJAR/target/classes/com/hazelcast/client/ApplicationConfig$HazelcastClientConfiguration.class], file [/Users/SAMRAT/eclipse-workspace/GCP/HazelCastClientJAR/target/classes/com/hazelcast/client/ApplicationConfig.class], file [/Users/SAMRAT/eclipse-workspace/GCP/HazelCastClientJAR/target/classes/com/hazelcast/client/HazelCastClientJarApplication.class], URL [jar:file:/Users/SAMRAT/.m2/repository/com/hazelcast/hazelcast-client/3.12.2/hazelcast-client-3.12.2.jar!/com/hazelcast/client/AuthenticationException.class], URL [jar:file:/Users/SAMRAT/.m2/repository/com/hazelcast/hazelcast-client/3.12.2/hazelcast-client-3.12.2.jar!/com/hazelcast/client/UndefinedErrorCodeException.class], URL [jar:file:/Users/SAMRAT/.m2/repository/com/hazelcast/hazelcast-client/3.12.2/hazelcast-client-3.12.2.jar!/com/hazelcast/client/HazelcastClientNotActiveException.class], URL [jar:file:/Users/SAMRAT/.m2/repository/com/hazelcast/hazelcast-client/3.12.2/hazelcast-client-3.12.2.jar!/com/hazelcast/client/LoadBalancer.class], URL [jar:file:/Users/SAMRAT/.m2/repository/com/hazelcast/hazelcast-client/3.12.2/hazelcast-client-3.12.2.jar!/com/hazelcast/client/HazelcastClient.class], URL [jar:file:/Users/SAMRAT/.m2/repository/com/hazelcast/hazelcast-client/3.12.2/hazelcast-client-3.12.2.jar!/com/hazelcast/client/ClientExtension.class], URL [jar:file:/Users/SAMRAT/.m2/repository/com/hazelcast/hazelcast-client/3.12.2/hazelcast-client-3.12.2.jar!/com/hazelcast/client/ClientOutOfMemoryHandler$ClientHelper.class], URL [jar:file:/Users/SAMRAT/.m2/repository/com/hazelcast/hazelcast-client/3.12.2/hazelcast-client-3.12.2.jar!/com/hazelcast/client/HazelcastClientOfflineException.class], URL [jar:file:/Users/SAMRAT/.m2/repository/com/hazelcast/hazelcast-client/3.12.2/hazelcast-client-3.12.2.jar!/com/hazelcast/client/ClientOutOfMemoryHandler.class], URL [jar:file:/Users/SAMRAT/.m2/repository/com/hazelcast/hazelcast-client/3.12.2/hazelcast-client-3.12.2.jar!/com/hazelcast/client/ClientNotAllowedInClusterException.class]]
12:26:21.517 [main] DEBUG org.springframework.context.annotation.ClassPathScanningCandidateComponentProvider - Identified candidate component class: file [/Users/SAMRAT/eclipse-workspace/GCP/HazelCastClientJAR/target/classes/com/hazelcast/client/HazelCastClientJarApplication.class]
12:26:21.527 [main] INFO org.springframework.boot.test.context.SpringBootTestContextBootstrapper - Found @SpringBootConfiguration com.hazelcast.client.HazelCastClientJarApplication for test class com.hazelcast.client.HazelCastClientJarApplicationTests
12:26:21.747 [main] DEBUG org.springframework.boot.test.context.SpringBootTestContextBootstrapper - @TestExecutionListeners is not present for class [com.hazelcast.client.HazelCastClientJarApplicationTests]: using defaults.
12:26:21.748 [main] INFO org.springframework.boot.test.context.SpringBootTestContextBootstrapper - Loaded default TestExecutionListener class names from location [META-INF/spring.factories]: [org.springframework.boot.test.mock.mockito.MockitoTestExecutionListener, org.springframework.boot.test.mock.mockito.ResetMocksTestExecutionListener, org.springframework.boot.test.autoconfigure.restdocs.RestDocsTestExecutionListener, org.springframework.boot.test.autoconfigure.web.client.MockRestServiceServerResetTestExecutionListener, org.springframework.boot.test.autoconfigure.web.servlet.MockMvcPrintOnlyOnFailureTestExecutionListener, org.springframework.boot.test.autoconfigure.web.servlet.WebDriverTestExecutionListener, org.springframework.test.context.web.ServletTestExecutionListener, org.springframework.test.context.support.DirtiesContextBeforeModesTestExecutionListener, org.springframework.test.context.support.DependencyInjectionTestExecutionListener, org.springframework.test.context.support.DirtiesContextTestExecutionListener, org.springframework.test.context.transaction.TransactionalTestExecutionListener, org.springframework.test.context.jdbc.SqlScriptsTestExecutionListener]
12:26:21.767 [main] DEBUG org.springframework.boot.test.context.SpringBootTestContextBootstrapper - Skipping candidate TestExecutionListener [org.springframework.test.context.transaction.TransactionalTestExecutionListener] due to a missing dependency. Specify custom listener classes or make the default listener classes and their required dependencies available. Offending class: [org/springframework/transaction/interceptor/TransactionAttributeSource]
12:26:21.768 [main] DEBUG org.springframework.boot.test.context.SpringBootTestContextBootstrapper - Skipping candidate TestExecutionListener [org.springframework.test.context.jdbc.SqlScriptsTestExecutionListener] due to a missing dependency. Specify custom listener classes or make the default listener classes and their required dependencies available. Offending class: [org/springframework/transaction/interceptor/TransactionAttribute]
12:26:21.768 [main] INFO org.springframework.boot.test.context.SpringBootTestContextBootstrapper - Using TestExecutionListeners: [org.springframework.test.context.web.ServletTestExecutionListener@6771beb3, org.springframework.test.context.support.DirtiesContextBeforeModesTestExecutionListener@51399530, org.springframework.boot.test.mock.mockito.MockitoTestExecutionListener@6b2ea799, org.springframework.boot.test.autoconfigure.SpringBootDependencyInjectionTestExecutionListener@411f53a0, org.springframework.test.context.support.DirtiesContextTestExecutionListener@2b71e916, org.springframework.boot.test.mock.mockito.ResetMocksTestExecutionListener@36fc695d, org.springframework.boot.test.autoconfigure.restdocs.RestDocsTestExecutionListener@28701274, org.springframework.boot.test.autoconfigure.web.client.MockRestServiceServerResetTestExecutionListener@13c9d689, org.springframework.boot.test.autoconfigure.web.servlet.MockMvcPrintOnlyOnFailureTestExecutionListener@3754a4bf, org.springframework.boot.test.autoconfigure.web.servlet.WebDriverTestExecutionListener@62379589]
12:26:21.771 [main] DEBUG org.springframework.test.annotation.ProfileValueUtils - Retrieved @ProfileValueSourceConfiguration [null] for test class [com.hazelcast.client.HazelCastClientJarApplicationTests]
12:26:21.772 [main] DEBUG org.springframework.test.annotation.ProfileValueUtils - Retrieved ProfileValueSource type [class org.springframework.test.annotation.SystemProfileValueSource] for class [com.hazelcast.client.HazelCastClientJarApplicationTests]
12:26:21.773 [main] DEBUG org.springframework.test.annotation.ProfileValueUtils - Retrieved @ProfileValueSourceConfiguration [null] for test class [com.hazelcast.client.HazelCastClientJarApplicationTests]
12:26:21.774 [main] DEBUG org.springframework.test.annotation.ProfileValueUtils - Retrieved ProfileValueSource type [class org.springframework.test.annotation.SystemProfileValueSource] for class [com.hazelcast.client.HazelCastClientJarApplicationTests]
12:26:21.775 [main] DEBUG org.springframework.test.annotation.ProfileValueUtils - Retrieved @ProfileValueSourceConfiguration [null] for test class [com.hazelcast.client.HazelCastClientJarApplicationTests]
12:26:21.775 [main] DEBUG org.springframework.test.annotation.ProfileValueUtils - Retrieved ProfileValueSource type [class org.springframework.test.annotation.SystemProfileValueSource] for class [com.hazelcast.client.HazelCastClientJarApplicationTests]
12:26:21.782 [main] DEBUG org.springframework.test.context.support.AbstractDirtiesContextTestExecutionListener - Before test class: context [DefaultTestContext@5b12b668 testClass = HazelCastClientJarApplicationTests, testInstance = [null], testMethod = [null], testException = [null], mergedContextConfiguration = [WebMergedContextConfiguration@1165b38 testClass = HazelCastClientJarApplicationTests, locations = '{}', classes = '{class com.hazelcast.client.HazelCastClientJarApplication}', contextInitializerClasses = '[]', activeProfiles = '{}', propertySourceLocations = '{}', propertySourceProperties = '{org.springframework.boot.test.context.SpringBootTestContextBootstrapper=true}', contextCustomizers = set[org.springframework.boot.test.context.filter.ExcludeFilterContextCustomizer@3aeaafa6, org.springframework.boot.test.json.DuplicateJsonObjectContextCustomizerFactory$DuplicateJsonObjectContextCustomizer@ed9d034, org.springframework.boot.test.mock.mockito.MockitoContextCustomizer@0, org.springframework.boot.test.web.client.TestRestTemplateContextCustomizer@553a3d88, org.springframework.boot.test.autoconfigure.properties.PropertyMappingContextCustomizer@0, org.springframework.boot.test.autoconfigure.web.servlet.WebDriverContextCustomizerFactory$Customizer@12c8a2c0], resourceBasePath = 'src/main/webapp', contextLoader = 'org.springframework.boot.test.context.SpringBootContextLoader', parent = [null]], attributes = map['org.springframework.test.context.web.ServletTestExecutionListener.activateListener' -> true]], class annotated with @DirtiesContext [false] with mode [null].
12:26:21.783 [main] DEBUG org.springframework.test.annotation.ProfileValueUtils - Retrieved @ProfileValueSourceConfiguration [null] for test class [com.hazelcast.client.HazelCastClientJarApplicationTests]
12:26:21.783 [main] DEBUG org.springframework.test.annotation.ProfileValueUtils - Retrieved ProfileValueSource type [class org.springframework.test.annotation.SystemProfileValueSource] for class [com.hazelcast.client.HazelCastClientJarApplicationTests]
12:26:21.814 [main] DEBUG org.springframework.core.env.StandardEnvironment - Adding PropertySource 'systemProperties' with lowest search precedence
12:26:21.814 [main] DEBUG org.springframework.core.env.StandardEnvironment - Adding PropertySource 'systemEnvironment' with lowest search precedence
12:26:21.814 [main] DEBUG org.springframework.core.env.StandardEnvironment - Initialized StandardEnvironment with PropertySources [MapPropertySource@1101184763 {name='systemProperties', properties={java.runtime.name=Java(TM) SE Runtime Environment, sun.boot.library.path=/Library/Java/JavaVirtualMachines/jdk1.8.0_101.jdk/Contents/Home/jre/lib, java.vm.version=25.101-b13, gopherProxySet=false, java.vm.vendor=Oracle Corporation, java.vendor.url=http://java.oracle.com/, path.separator=:, java.vm.name=Java HotSpot(TM) 64-Bit Server VM, file.encoding.pkg=sun.io, user.country=GB, sun.java.launcher=SUN_STANDARD, sun.os.patch.level=unknown, java.vm.specification.name=Java Virtual Machine Specification, user.dir=/Users/SAMRAT/eclipse-workspace/GCP/HazelCastClientJAR, java.runtime.version=1.8.0_101-b13, basedir=/Users/SAMRAT/eclipse-workspace/GCP/HazelCastClientJAR, java.awt.graphicsenv=sun.awt.CGraphicsEnvironment, java.endorsed.dirs=/Library/Java/JavaVirtualMachines/jdk1.8.0_101.jdk/Contents/Home/jre/lib/endorsed, os.arch=x86_64, surefire.real.class.path=/Users/SAMRAT/eclipse-workspace/GCP/HazelCastClientJAR/target/surefire/surefirebooter2362857117478142604.jar, java.io.tmpdir=/var/folders/4g/9gl2snq56d93fwxsbzd34f280000gn/T/, line.separator=
, java.vm.specification.vendor=Oracle Corporation, os.name=Mac OS X, sun.jnu.encoding=UTF-8, java.library.path=/Users/SAMRAT/Library/Java/Extensions:/Library/Java/Extensions:/Network/Library/Java/Extensions:/System/Library/Java/Extensions:/usr/lib/java:., surefire.test.class.path=/Users/SAMRAT/eclipse-workspace/GCP/HazelCastClientJAR/target/test-classes:/Users/SAMRAT/eclipse-workspace/GCP/HazelCastClientJAR/target/classes:/Users/SAMRAT/.m2/repository/org/springframework/boot/spring-boot-starter/2.0.0.RELEASE/spring-boot-starter-2.0.0.RELEASE.jar:/Users/SAMRAT/.m2/repository/org/springframework/boot/spring-boot/2.0.0.RELEASE/spring-boot-2.0.0.RELEASE.jar:/Users/SAMRAT/.m2/repository/org/springframework/spring-context/5.0.4.RELEASE/spring-context-5.0.4.RELEASE.jar:/Users/SAMRAT/.m2/repository/org/springframework/boot/spring-boot-autoconfigure/2.0.0.RELEASE/spring-boot-autoconfigure-2.0.0.RELEASE.jar:/Users/SAMRAT/.m2/repository/org/springframework/boot/spring-boot-starter-logging/2.0.0.RELEASE/spring-boot-starter-logging-2.0.0.RELEASE.jar:/Users/SAMRAT/.m2/repository/ch/qos/logback/logback-classic/1.2.3/logback-classic-1.2.3.jar:/Users/SAMRAT/.m2/repository/ch/qos/logback/logback-core/1.2.3/logback-core-1.2.3.jar:/Users/SAMRAT/.m2/repository/org/apache/logging/log4j/log4j-to-slf4j/2.10.0/log4j-to-slf4j-2.10.0.jar:/Users/SAMRAT/.m2/repository/org/apache/logging/log4j/log4j-api/2.10.0/log4j-api-2.10.0.jar:/Users/SAMRAT/.m2/repository/org/slf4j/jul-to-slf4j/1.7.25/jul-to-slf4j-1.7.25.jar:/Users/SAMRAT/.m2/repository/javax/annotation/javax.annotation-api/1.3.2/javax.annotation-api-1.3.2.jar:/Users/SAMRAT/.m2/repository/org/springframework/spring-core/5.0.4.RELEASE/spring-core-5.0.4.RELEASE.jar:/Users/SAMRAT/.m2/repository/org/springframework/spring-jcl/5.0.4.RELEASE/spring-jcl-5.0.4.RELEASE.jar:/Users/SAMRAT/.m2/repository/org/yaml/snakeyaml/1.19/snakeyaml-1.19.jar:/Users/SAMRAT/.m2/repository/org/springframework/boot/spring-boot-starter-test/2.0.0.RELEASE/spring-boot-starter-test-2.0.0.RELEASE.jar:/Users/SAMRAT/.m2/repository/org/springframework/boot/spring-boot-test/2.0.0.RELEASE/spring-boot-test-2.0.0.RELEASE.jar:/Users/SAMRAT/.m2/repository/org/springframework/boot/spring-boot-test-autoconfigure/2.0.0.RELEASE/spring-boot-test-autoconfigure-2.0.0.RELEASE.jar:/Users/SAMRAT/.m2/repository/com/jayway/jsonpath/json-path/2.4.0/json-path-2.4.0.jar:/Users/SAMRAT/.m2/repository/net/minidev/json-smart/2.3/json-smart-2.3.jar:/Users/SAMRAT/.m2/repository/net/minidev/accessors-smart/1.2/accessors-smart-1.2.jar:/Users/SAMRAT/.m2/repository/org/ow2/asm/asm/5.0.4/asm-5.0.4.jar:/Users/SAMRAT/.m2/repository/junit/junit/4.12/junit-4.12.jar:/Users/SAMRAT/.m2/repository/org/assertj/assertj-core/3.9.1/assertj-core-3.9.1.jar:/Users/SAMRAT/.m2/repository/org/mockito/mockito-core/2.15.0/mockito-core-2.15.0.jar:/Users/SAMRAT/.m2/repository/net/bytebuddy/byte-buddy/1.7.10/byte-buddy-1.7.10.jar:/Users/SAMRAT/.m2/repository/net/bytebuddy/byte-buddy-agent/1.7.10/byte-buddy-agent-1.7.10.jar:/Users/SAMRAT/.m2/repository/org/objenesis/objenesis/2.6/objenesis-2.6.jar:/Users/SAMRAT/.m2/repository/org/hamcrest/hamcrest-core/1.3/hamcrest-core-1.3.jar:/Users/SAMRAT/.m2/repository/org/hamcrest/hamcrest-library/1.3/hamcrest-library-1.3.jar:/Users/SAMRAT/.m2/repository/org/skyscreamer/jsonassert/1.5.0/jsonassert-1.5.0.jar:/Users/SAMRAT/.m2/repository/com/vaadin/external/google/android-json/0.0.20131108.vaadin1/android-json-0.0.20131108.vaadin1.jar:/Users/SAMRAT/.m2/repository/org/springframework/spring-test/5.0.4.RELEASE/spring-test-5.0.4.RELEASE.jar:/Users/SAMRAT/.m2/repository/org/xmlunit/xmlunit-core/2.5.1/xmlunit-core-2.5.1.jar:/Users/SAMRAT/.m2/repository/com/hazelcast/hazelcast/3.12.2/hazelcast-3.12.2.jar:/Users/SAMRAT/.m2/repository/com/hazelcast/hazelcast-client/3.12.2/hazelcast-client-3.12.2.jar:/Users/SAMRAT/.m2/repository/com/hazelcast/hazelcast-kubernetes/1.1.0/hazelcast-kubernetes-1.1.0.jar:/Users/SAMRAT/.m2/repository/io/fabric8/kubernetes-client/3.0.3/kubernetes-client-3.0.3.jar:/Users/SAMRAT/.m2/repository/io/fabric8/kubernetes-model/2.0.4/kubernetes-model-2.0.4.jar:/Users/SAMRAT/.m2/repository/com/fasterxml/jackson/module/jackson-module-jaxb-annotations/2.9.4/jackson-module-jaxb-annotations-2.9.4.jar:/Users/SAMRAT/.m2/repository/com/squareup/okhttp3/okhttp/3.9.0/okhttp-3.9.0.jar:/Users/SAMRAT/.m2/repository/com/squareup/okio/okio/1.13.0/okio-1.13.0.jar:/Users/SAMRAT/.m2/repository/com/squareup/okhttp3/logging-interceptor/3.9.0/logging-interceptor-3.9.0.jar:/Users/SAMRAT/.m2/repository/com/fasterxml/jackson/dataformat/jackson-dataformat-yaml/2.9.4/jackson-dataformat-yaml-2.9.4.jar:/Users/SAMRAT/.m2/repository/com/fasterxml/jackson/core/jackson-databind/2.9.4/jackson-databind-2.9.4.jar:/Users/SAMRAT/.m2/repository/com/fasterxml/jackson/core/jackson-annotations/2.9.0/jackson-annotations-2.9.0.jar:/Users/SAMRAT/.m2/repository/com/fasterxml/jackson/core/jackson-core/2.9.4/jackson-core-2.9.4.jar:/Users/SAMRAT/.m2/repository/io/fabric8/zjsonpatch/0.3.0/zjsonpatch-0.3.0.jar:/Users/SAMRAT/.m2/repository/com/github/mifmif/generex/1.0.1/generex-1.0.1.jar:/Users/SAMRAT/.m2/repository/dk/brics/automaton/automaton/1.11-8/automaton-1.11-8.jar:/Users/SAMRAT/.m2/repository/dnsjava/dnsjava/2.1.7/dnsjava-2.1.7.jar:/Users/SAMRAT/.m2/repository/org/slf4j/slf4j-api/1.7.25/slf4j-api-1.7.25.jar:/Users/SAMRAT/.m2/repository/org/springframework/boot/spring-boot-starter-web/2.0.0.RELEASE/spring-boot-starter-web-2.0.0.RELEASE.jar:/Users/SAMRAT/.m2/repository/org/springframework/boot/spring-boot-starter-json/2.0.0.RELEASE/spring-boot-starter-json-2.0.0.RELEASE.jar:/Users/SAMRAT/.m2/repository/com/fasterxml/jackson/datatype/jackson-datatype-jdk8/2.9.4/jackson-datatype-jdk8-2.9.4.jar:/Users/SAMRAT/.m2/repository/com/fasterxml/jackson/datatype/jackson-datatype-jsr310/2.9.4/jackson-datatype-jsr310-2.9.4.jar:/Users/SAMRAT/.m2/repository/com/fasterxml/jackson/module/jackson-module-parameter-names/2.9.4/jackson-module-parameter-names-2.9.4.jar:/Users/SAMRAT/.m2/repository/org/springframework/boot/spring-boot-starter-tomcat/2.0.0.RELEASE/spring-boot-starter-tomcat-2.0.0.RELEASE.jar:/Users/SAMRAT/.m2/repository/org/apache/tomcat/embed/tomcat-embed-core/8.5.28/tomcat-embed-core-8.5.28.jar:/Users/SAMRAT/.m2/repository/org/apache/tomcat/embed/tomcat-embed-el/8.5.28/tomcat-embed-el-8.5.28.jar:/Users/SAMRAT/.m2/repository/org/apache/tomcat/embed/tomcat-embed-websocket/8.5.28/tomcat-embed-websocket-8.5.28.jar:/Users/SAMRAT/.m2/repository/org/hibernate/validator/hibernate-validator/6.0.7.Final/hibernate-validator-6.0.7.Final.jar:/Users/SAMRAT/.m2/repository/javax/validation/validation-api/2.0.1.Final/validation-api-2.0.1.Final.jar:/Users/SAMRAT/.m2/repository/org/jboss/logging/jboss-logging/3.3.2.Final/jboss-logging-3.3.2.Final.jar:/Users/SAMRAT/.m2/repository/com/fasterxml/classmate/1.3.4/classmate-1.3.4.jar:/Users/SAMRAT/.m2/repository/org/springframework/spring-web/5.0.4.RELEASE/spring-web-5.0.4.RELEASE.jar:/Users/SAMRAT/.m2/repository/org/springframework/spring-beans/5.0.4.RELEASE/spring-beans-5.0.4.RELEASE.jar:/Users/SAMRAT/.m2/repository/org/springframework/spring-webmvc/5.0.4.RELEASE/spring-webmvc-5.0.4.RELEASE.jar:/Users/SAMRAT/.m2/repository/org/springframework/spring-aop/5.0.4.RELEASE/spring-aop-5.0.4.RELEASE.jar:/Users/SAMRAT/.m2/repository/org/springframework/spring-expression/5.0.4.RELEASE/spring-expression-5.0.4.RELEASE.jar:, java.specification.name=Java Platform API Specification, java.class.version=52.0, sun.management.compiler=HotSpot 64-Bit Tiered Compilers, os.version=10.14.5, http.nonProxyHosts=local|*.local|169.254/16|*.169.254/16, user.home=/Users/SAMRAT, user.timezone=Europe/London, java.awt.printerjob=sun.lwawt.macosx.CPrinterJob, file.encoding=UTF-8, java.specification.version=1.8, java.class.path=/Users/SAMRAT/eclipse-workspace/GCP/HazelCastClientJAR/target/test-classes:/Users/SAMRAT/eclipse-workspace/GCP/HazelCastClientJAR/target/classes:/Users/SAMRAT/.m2/repository/org/springframework/boot/spring-boot-starter/2.0.0.RELEASE/spring-boot-starter-2.0.0.RELEASE.jar:/Users/SAMRAT/.m2/repository/org/springframework/boot/spring-boot/2.0.0.RELEASE/spring-boot-2.0.0.RELEASE.jar:/Users/SAMRAT/.m2/repository/org/springframework/spring-context/5.0.4.RELEASE/spring-context-5.0.4.RELEASE.jar:/Users/SAMRAT/.m2/repository/org/springframework/boot/spring-boot-autoconfigure/2.0.0.RELEASE/spring-boot-autoconfigure-2.0.0.RELEASE.jar:/Users/SAMRAT/.m2/repository/org/springframework/boot/spring-boot-starter-logging/2.0.0.RELEASE/spring-boot-starter-logging-2.0.0.RELEASE.jar:/Users/SAMRAT/.m2/repository/ch/qos/logback/logback-classic/1.2.3/logback-classic-1.2.3.jar:/Users/SAMRAT/.m2/repository/ch/qos/logback/logback-core/1.2.3/logback-core-1.2.3.jar:/Users/SAMRAT/.m2/repository/org/apache/logging/log4j/log4j-to-slf4j/2.10.0/log4j-to-slf4j-2.10.0.jar:/Users/SAMRAT/.m2/repository/org/apache/logging/log4j/log4j-api/2.10.0/log4j-api-2.10.0.jar:/Users/SAMRAT/.m2/repository/org/slf4j/jul-to-slf4j/1.7.25/jul-to-slf4j-1.7.25.jar:/Users/SAMRAT/.m2/repository/javax/annotation/javax.annotation-api/1.3.2/javax.annotation-api-1.3.2.jar:/Users/SAMRAT/.m2/repository/org/springframework/spring-core/5.0.4.RELEASE/spring-core-5.0.4.RELEASE.jar:/Users/SAMRAT/.m2/repository/org/springframework/spring-jcl/5.0.4.RELEASE/spring-jcl-5.0.4.RELEASE.jar:/Users/SAMRAT/.m2/repository/org/yaml/snakeyaml/1.19/snakeyaml-1.19.jar:/Users/SAMRAT/.m2/repository/org/springframework/boot/spring-boot-starter-test/2.0.0.RELEASE/spring-boot-starter-test-2.0.0.RELEASE.jar:/Users/SAMRAT/.m2/repository/org/springframework/boot/spring-boot-test/2.0.0.RELEASE/spring-boot-test-2.0.0.RELEASE.jar:/Users/SAMRAT/.m2/repository/org/springframework/boot/spring-boot-test-autoconfigure/2.0.0.RELEASE/spring-boot-test-autoconfigure-2.0.0.RELEASE.jar:/Users/SAMRAT/.m2/repository/com/jayway/jsonpath/json-path/2.4.0/json-path-2.4.0.jar:/Users/SAMRAT/.m2/repository/net/minidev/json-smart/2.3/json-smart-2.3.jar:/Users/SAMRAT/.m2/repository/net/minidev/accessors-smart/1.2/accessors-smart-1.2.jar:/Users/SAMRAT/.m2/repository/org/ow2/asm/asm/5.0.4/asm-5.0.4.jar:/Users/SAMRAT/.m2/repository/junit/junit/4.12/junit-4.12.jar:/Users/SAMRAT/.m2/repository/org/assertj/assertj-core/3.9.1/assertj-core-3.9.1.jar:/Users/SAMRAT/.m2/repository/org/mockito/mockito-core/2.15.0/mockito-core-2.15.0.jar:/Users/SAMRAT/.m2/repository/net/bytebuddy/byte-buddy/1.7.10/byte-buddy-1.7.10.jar:/Users/SAMRAT/.m2/repository/net/bytebuddy/byte-buddy-agent/1.7.10/byte-buddy-agent-1.7.10.jar:/Users/SAMRAT/.m2/repository/org/objenesis/objenesis/2.6/objenesis-2.6.jar:/Users/SAMRAT/.m2/repository/org/hamcrest/hamcrest-core/1.3/hamcrest-core-1.3.jar:/Users/SAMRAT/.m2/repository/org/hamcrest/hamcrest-library/1.3/hamcrest-library-1.3.jar:/Users/SAMRAT/.m2/repository/org/skyscreamer/jsonassert/1.5.0/jsonassert-1.5.0.jar:/Users/SAMRAT/.m2/repository/com/vaadin/external/google/android-json/0.0.20131108.vaadin1/android-json-0.0.20131108.vaadin1.jar:/Users/SAMRAT/.m2/repository/org/springframework/spring-test/5.0.4.RELEASE/spring-test-5.0.4.RELEASE.jar:/Users/SAMRAT/.m2/repository/org/xmlunit/xmlunit-core/2.5.1/xmlunit-core-2.5.1.jar:/Users/SAMRAT/.m2/repository/com/hazelcast/hazelcast/3.12.2/hazelcast-3.12.2.jar:/Users/SAMRAT/.m2/repository/com/hazelcast/hazelcast-client/3.12.2/hazelcast-client-3.12.2.jar:/Users/SAMRAT/.m2/repository/com/hazelcast/hazelcast-kubernetes/1.1.0/hazelcast-kubernetes-1.1.0.jar:/Users/SAMRAT/.m2/repository/io/fabric8/kubernetes-client/3.0.3/kubernetes-client-3.0.3.jar:/Users/SAMRAT/.m2/repository/io/fabric8/kubernetes-model/2.0.4/kubernetes-model-2.0.4.jar:/Users/SAMRAT/.m2/repository/com/fasterxml/jackson/module/jackson-module-jaxb-annotations/2.9.4/jackson-module-jaxb-annotations-2.9.4.jar:/Users/SAMRAT/.m2/repository/com/squareup/okhttp3/okhttp/3.9.0/okhttp-3.9.0.jar:/Users/SAMRAT/.m2/repository/com/squareup/okio/okio/1.13.0/okio-1.13.0.jar:/Users/SAMRAT/.m2/repository/com/squareup/okhttp3/logging-interceptor/3.9.0/logging-interceptor-3.9.0.jar:/Users/SAMRAT/.m2/repository/com/fasterxml/jackson/dataformat/jackson-dataformat-yaml/2.9.4/jackson-dataformat-yaml-2.9.4.jar:/Users/SAMRAT/.m2/repository/com/fasterxml/jackson/core/jackson-databind/2.9.4/jackson-databind-2.9.4.jar:/Users/SAMRAT/.m2/repository/com/fasterxml/jackson/core/jackson-annotations/2.9.0/jackson-annotations-2.9.0.jar:/Users/SAMRAT/.m2/repository/com/fasterxml/jackson/core/jackson-core/2.9.4/jackson-core-2.9.4.jar:/Users/SAMRAT/.m2/repository/io/fabric8/zjsonpatch/0.3.0/zjsonpatch-0.3.0.jar:/Users/SAMRAT/.m2/repository/com/github/mifmif/generex/1.0.1/generex-1.0.1.jar:/Users/SAMRAT/.m2/repository/dk/brics/automaton/automaton/1.11-8/automaton-1.11-8.jar:/Users/SAMRAT/.m2/repository/dnsjava/dnsjava/2.1.7/dnsjava-2.1.7.jar:/Users/SAMRAT/.m2/repository/org/slf4j/slf4j-api/1.7.25/slf4j-api-1.7.25.jar:/Users/SAMRAT/.m2/repository/org/springframework/boot/spring-boot-starter-web/2.0.0.RELEASE/spring-boot-starter-web-2.0.0.RELEASE.jar:/Users/SAMRAT/.m2/repository/org/springframework/boot/spring-boot-starter-json/2.0.0.RELEASE/spring-boot-starter-json-2.0.0.RELEASE.jar:/Users/SAMRAT/.m2/repository/com/fasterxml/jackson/datatype/jackson-datatype-jdk8/2.9.4/jackson-datatype-jdk8-2.9.4.jar:/Users/SAMRAT/.m2/repository/com/fasterxml/jackson/datatype/jackson-datatype-jsr310/2.9.4/jackson-datatype-jsr310-2.9.4.jar:/Users/SAMRAT/.m2/repository/com/fasterxml/jackson/module/jackson-module-parameter-names/2.9.4/jackson-module-parameter-names-2.9.4.jar:/Users/SAMRAT/.m2/repository/org/springframework/boot/spring-boot-starter-tomcat/2.0.0.RELEASE/spring-boot-starter-tomcat-2.0.0.RELEASE.jar:/Users/SAMRAT/.m2/repository/org/apache/tomcat/embed/tomcat-embed-core/8.5.28/tomcat-embed-core-8.5.28.jar:/Users/SAMRAT/.m2/repository/org/apache/tomcat/embed/tomcat-embed-el/8.5.28/tomcat-embed-el-8.5.28.jar:/Users/SAMRAT/.m2/repository/org/apache/tomcat/embed/tomcat-embed-websocket/8.5.28/tomcat-embed-websocket-8.5.28.jar:/Users/SAMRAT/.m2/repository/org/hibernate/validator/hibernate-validator/6.0.7.Final/hibernate-validator-6.0.7.Final.jar:/Users/SAMRAT/.m2/repository/javax/validation/validation-api/2.0.1.Final/validation-api-2.0.1.Final.jar:/Users/SAMRAT/.m2/repository/org/jboss/logging/jboss-logging/3.3.2.Final/jboss-logging-3.3.2.Final.jar:/Users/SAMRAT/.m2/repository/com/fasterxml/classmate/1.3.4/classmate-1.3.4.jar:/Users/SAMRAT/.m2/repository/org/springframework/spring-web/5.0.4.RELEASE/spring-web-5.0.4.RELEASE.jar:/Users/SAMRAT/.m2/repository/org/springframework/spring-beans/5.0.4.RELEASE/spring-beans-5.0.4.RELEASE.jar:/Users/SAMRAT/.m2/repository/org/springframework/spring-webmvc/5.0.4.RELEASE/spring-webmvc-5.0.4.RELEASE.jar:/Users/SAMRAT/.m2/repository/org/springframework/spring-aop/5.0.4.RELEASE/spring-aop-5.0.4.RELEASE.jar:/Users/SAMRAT/.m2/repository/org/springframework/spring-expression/5.0.4.RELEASE/spring-expression-5.0.4.RELEASE.jar:, user.name=SAMRAT, java.vm.specification.version=1.8, sun.java.command=/Users/SAMRAT/eclipse-workspace/GCP/HazelCastClientJAR/target/surefire/surefirebooter2362857117478142604.jar /Users/SAMRAT/eclipse-workspace/GCP/HazelCastClientJAR/target/surefire 2019-08-13T12-26-19_578-jvmRun1 surefire4483155357942994732tmp surefire_07408865888132666334tmp, java.home=/Library/Java/JavaVirtualMachines/jdk1.8.0_101.jdk/Contents/Home/jre, sun.arch.data.model=64, user.language=en, java.specification.vendor=Oracle Corporation, awt.toolkit=sun.lwawt.macosx.LWCToolkit, java.vm.info=mixed mode, java.version=1.8.0_101, java.ext.dirs=/Users/SAMRAT/Library/Java/Extensions:/Library/Java/JavaVirtualMachines/jdk1.8.0_101.jdk/Contents/Home/jre/lib/ext:/Library/Java/Extensions:/Network/Library/Java/Extensions:/System/Library/Java/Extensions:/usr/lib/java, sun.boot.class.path=/Library/Java/JavaVirtualMachines/jdk1.8.0_101.jdk/Contents/Home/jre/lib/resources.jar:/Library/Java/JavaVirtualMachines/jdk1.8.0_101.jdk/Contents/Home/jre/lib/rt.jar:/Library/Java/JavaVirtualMachines/jdk1.8.0_101.jdk/Contents/Home/jre/lib/sunrsasign.jar:/Library/Java/JavaVirtualMachines/jdk1.8.0_101.jdk/Contents/Home/jre/lib/jsse.jar:/Library/Java/JavaVirtualMachines/jdk1.8.0_101.jdk/Contents/Home/jre/lib/jce.jar:/Library/Java/JavaVirtualMachines/jdk1.8.0_101.jdk/Contents/Home/jre/lib/charsets.jar:/Library/Java/JavaVirtualMachines/jdk1.8.0_101.jdk/Contents/Home/jre/lib/jfr.jar:/Library/Java/JavaVirtualMachines/jdk1.8.0_101.jdk/Contents/Home/jre/classes, java.vendor=Oracle Corporation, localRepository=/Users/SAMRAT/.m2/repository, file.separator=/, java.vendor.url.bug=http://bugreport.sun.com/bugreport/, sun.io.unicode.encoding=UnicodeBig, sun.cpu.endian=little, socksNonProxyHosts=local|*.local|169.254/16|*.169.254/16, ftp.nonProxyHosts=local|*.local|169.254/16|*.169.254/16, sun.cpu.isalist=}}, SystemEnvironmentPropertySource@1816147548 {name='systemEnvironment', properties={PATH=/usr/bin:/bin:/usr/sbin:/sbin, COMMAND_MODE=unix2003, LOGNAME=SAMRAT, XPC_SERVICE_NAME=0, JAVA_STARTED_ON_FIRST_THREAD_22118=1, PWD=/Users/SAMRAT/eclipse-workspace/GCP/HazelCastClientJAR, _=/Library/Java/JavaVirtualMachines/jdk1.8.0_101.jdk/Contents/Home/jre/bin/java, APP_ICON_22969=../Resources/Eclipse.icns, SHELL=/bin/bash, JAVA_MAIN_CLASS_73817=org.apache.maven.surefire.booter.ForkedBooter, JAVA_STARTED_ON_FIRST_THREAD_23671=1, SQLITE_EXEMPT_PATH_FROM_VNODE_GUARDS=/Users/SAMRAT/Library/WebKit/Databases, OLDPWD=/Users/SAMRAT/eclipse-workspace/GCP/HazelCastClientJAR, JAVA_STARTED_ON_FIRST_THREAD_69210=1, USER=SAMRAT, TMPDIR=/var/folders/4g/9gl2snq56d93fwxsbzd34f280000gn/T/, JAVA_STARTED_ON_FIRST_THREAD_22969=1, SSH_AUTH_SOCK=/private/tmp/com.apple.launchd.k6F0mENd2q/Listeners, APP_ICON_23671=../Resources/Eclipse.icns, XPC_FLAGS=0x0, APP_ICON_69210=../Resources/Eclipse.icns, __CF_USER_TEXT_ENCODING=0x1F5:0x0:0x2, Apple_PubSub_Socket_Render=/private/tmp/com.apple.launchd.4LyWhb1hQA/Render, JAVA_MAIN_CLASS_73814=org.codehaus.plexus.classworlds.launcher.Launcher, HOME=/Users/SAMRAT, SHLVL=1}}]
12:26:21.818 [main] DEBUG org.springframework.test.context.support.TestPropertySourceUtils - Adding inlined properties to environment: {spring.jmx.enabled=false, org.springframework.boot.test.context.SpringBootTestContextBootstrapper=true, server.port=-1}
12:26:21.819 [main] DEBUG org.springframework.core.env.StandardEnvironment - Adding PropertySource 'Inlined Test Properties' with highest search precedence

  .   ____          _            __ _ _
 /\\ / ___'_ __ _ _(_)_ __  __ _ \ \ \ \
( ( )\___ | '_ | '_| | '_ \/ _` | \ \ \ \
 \\/  ___)| |_)| | | | | || (_| |  ) ) ) )
  '  |____| .__|_| |_|_| |_\__, | / / / /
 =========|_|==============|___/=/_/_/_/
 :: Spring Boot ::        (v2.0.0.RELEASE)

2019-08-13 12:26:22.449  INFO 73817 --- [           main] c.h.c.HazelCastClientJarApplicationTests : Starting HazelCastClientJarApplicationTests on Girishs-MacBook-Air.local with PID 73817 (started by SAMRAT in /Users/SAMRAT/eclipse-workspace/GCP/HazelCastClientJAR)
2019-08-13 12:26:22.453  INFO 73817 --- [           main] c.h.c.HazelCastClientJarApplicationTests : No active profile set, falling back to default profiles: default
2019-08-13 12:26:22.568  INFO 73817 --- [           main] o.s.w.c.s.GenericWebApplicationContext   : Refreshing org.springframework.web.context.support.GenericWebApplicationContext@71ba6d4e: startup date [Tue Aug 13 12:26:22 BST 2019]; root of context hierarchy
2019-08-13 12:26:25.884  INFO 73817 --- [           main] com.hazelcast.client.HazelcastClient     : hz.client_0 [dev] [3.12.2] A non-empty group password is configured for the Hazelcast client. Starting with Hazelcast version 3.11, clients with the same group name, but with different group passwords (that do not use authentication) will be accepted to a cluster. The group password configuration will be removed completely in a future release.
2019-08-13 12:26:26.343  INFO 73817 --- [           main] c.h.s.d.integration.DiscoveryService     : hz.client_0 [dev] [3.12.2] Kubernetes Discovery properties: { service-dns: null, service-dns-timeout: 5, service-name: null, service-label: null, service-label-value: true, namespace: default, resolve-not-ready-addresses: false, kubernetes-master: https://kubernetes.default.svc}
2019-08-13 12:26:26.355  WARN 73817 --- [           main] o.s.w.c.s.GenericWebApplicationContext   : Exception encountered during context initialization - cancelling refresh attempt: org.springframework.beans.factory.UnsatisfiedDependencyException: Error creating bean with name 'hazelcastController' defined in file [/Users/SAMRAT/eclipse-workspace/GCP/HazelCastClientJAR/target/classes/com/hazelcast/client/controllers/HazelcastController.class]: Unsatisfied dependency expressed through constructor parameter 0; nested exception is org.springframework.beans.factory.BeanCreationException: Error creating bean with name 'hazelcastInstance' defined in class path resource [com/hazelcast/client/ApplicationConfig$HazelcastClientConfiguration.class]: Bean instantiation via factory method failed; nested exception is org.springframework.beans.BeanInstantiationException: Failed to instantiate [com.hazelcast.core.HazelcastInstance]: Factory method 'hazelcastInstance' threw exception; nested exception is java.lang.RuntimeException: Failed to configure discovery strategies
2019-08-13 12:26:26.370  INFO 73817 --- [           main] ConditionEvaluationReportLoggingListener : 

Error starting ApplicationContext. To display the conditions report re-run your application with 'debug' enabled.
2019-08-13 12:26:26.385 ERROR 73817 --- [           main] o.s.boot.SpringApplication               : Application run failed

org.springframework.beans.factory.UnsatisfiedDependencyException: Error creating bean with name 'hazelcastController' defined in file [/Users/SAMRAT/eclipse-workspace/GCP/HazelCastClientJAR/target/classes/com/hazelcast/client/controllers/HazelcastController.class]: Unsatisfied dependency expressed through constructor parameter 0; nested exception is org.springframework.beans.factory.BeanCreationException: Error creating bean with name 'hazelcastInstance' defined in class path resource [com/hazelcast/client/ApplicationConfig$HazelcastClientConfiguration.class]: Bean instantiation via factory method failed; nested exception is org.springframework.beans.BeanInstantiationException: Failed to instantiate [com.hazelcast.core.HazelcastInstance]: Factory method 'hazelcastInstance' threw exception; nested exception is java.lang.RuntimeException: Failed to configure discovery strategies
	at org.springframework.beans.factory.support.ConstructorResolver.createArgumentArray(ConstructorResolver.java:729) ~[spring-beans-5.0.4.RELEASE.jar:5.0.4.RELEASE]
	at org.springframework.beans.factory.support.ConstructorResolver.autowireConstructor(ConstructorResolver.java:192) ~[spring-beans-5.0.4.RELEASE.jar:5.0.4.RELEASE]
	at org.springframework.beans.factory.support.AbstractAutowireCapableBeanFactory.autowireConstructor(AbstractAutowireCapableBeanFactory.java:1270) ~[spring-beans-5.0.4.RELEASE.jar:5.0.4.RELEASE]
	at org.springframework.beans.factory.support.AbstractAutowireCapableBeanFactory.createBeanInstance(AbstractAutowireCapableBeanFactory.java:1127) ~[spring-beans-5.0.4.RELEASE.jar:5.0.4.RELEASE]
	at org.springframework.beans.factory.support.AbstractAutowireCapableBeanFactory.doCreateBean(AbstractAutowireCapableBeanFactory.java:545) ~[spring-beans-5.0.4.RELEASE.jar:5.0.4.RELEASE]
	at org.springframework.beans.factory.support.AbstractAutowireCapableBeanFactory.createBean(AbstractAutowireCapableBeanFactory.java:502) ~[spring-beans-5.0.4.RELEASE.jar:5.0.4.RELEASE]
	at org.springframework.beans.factory.support.AbstractBeanFactory.lambda$doGetBean$0(AbstractBeanFactory.java:312) ~[spring-beans-5.0.4.RELEASE.jar:5.0.4.RELEASE]
	at org.springframework.beans.factory.support.DefaultSingletonBeanRegistry.getSingleton(DefaultSingletonBeanRegistry.java:228) ~[spring-beans-5.0.4.RELEASE.jar:5.0.4.RELEASE]
	at org.springframework.beans.factory.support.AbstractBeanFactory.doGetBean(AbstractBeanFactory.java:310) ~[spring-beans-5.0.4.RELEASE.jar:5.0.4.RELEASE]
	at org.springframework.beans.factory.support.AbstractBeanFactory.getBean(AbstractBeanFactory.java:200) ~[spring-beans-5.0.4.RELEASE.jar:5.0.4.RELEASE]
	at org.springframework.beans.factory.support.DefaultListableBeanFactory.preInstantiateSingletons(DefaultListableBeanFactory.java:760) ~[spring-beans-5.0.4.RELEASE.jar:5.0.4.RELEASE]
	at org.springframework.context.support.AbstractApplicationContext.finishBeanFactoryInitialization(AbstractApplicationContext.java:868) ~[spring-context-5.0.4.RELEASE.jar:5.0.4.RELEASE]
	at org.springframework.context.support.AbstractApplicationContext.refresh(AbstractApplicationContext.java:549) ~[spring-context-5.0.4.RELEASE.jar:5.0.4.RELEASE]
	at org.springframework.boot.SpringApplication.refresh(SpringApplication.java:752) ~[spring-boot-2.0.0.RELEASE.jar:2.0.0.RELEASE]
	at org.springframework.boot.SpringApplication.refreshContext(SpringApplication.java:388) ~[spring-boot-2.0.0.RELEASE.jar:2.0.0.RELEASE]
	at org.springframework.boot.SpringApplication.run(SpringApplication.java:327) ~[spring-boot-2.0.0.RELEASE.jar:2.0.0.RELEASE]
	at org.springframework.boot.test.context.SpringBootContextLoader.loadContext(SpringBootContextLoader.java:138) [spring-boot-test-2.0.0.RELEASE.jar:2.0.0.RELEASE]
	at org.springframework.test.context.cache.DefaultCacheAwareContextLoaderDelegate.loadContextInternal(DefaultCacheAwareContextLoaderDelegate.java:99) [spring-test-5.0.4.RELEASE.jar:5.0.4.RELEASE]
	at org.springframework.test.context.cache.DefaultCacheAwareContextLoaderDelegate.loadContext(DefaultCacheAwareContextLoaderDelegate.java:117) [spring-test-5.0.4.RELEASE.jar:5.0.4.RELEASE]
	at org.springframework.test.context.support.DefaultTestContext.getApplicationContext(DefaultTestContext.java:107) [spring-test-5.0.4.RELEASE.jar:5.0.4.RELEASE]
	at org.springframework.test.context.web.ServletTestExecutionListener.setUpRequestContextIfNecessary(ServletTestExecutionListener.java:190) [spring-test-5.0.4.RELEASE.jar:5.0.4.RELEASE]
	at org.springframework.test.context.web.ServletTestExecutionListener.prepareTestInstance(ServletTestExecutionListener.java:132) [spring-test-5.0.4.RELEASE.jar:5.0.4.RELEASE]
	at org.springframework.test.context.TestContextManager.prepareTestInstance(TestContextManager.java:242) [spring-test-5.0.4.RELEASE.jar:5.0.4.RELEASE]
	at org.springframework.test.context.junit4.SpringJUnit4ClassRunner.createTest(SpringJUnit4ClassRunner.java:227) [spring-test-5.0.4.RELEASE.jar:5.0.4.RELEASE]
	at org.springframework.test.context.junit4.SpringJUnit4ClassRunner$1.runReflectiveCall(SpringJUnit4ClassRunner.java:289) [spring-test-5.0.4.RELEASE.jar:5.0.4.RELEASE]
	at org.junit.internal.runners.model.ReflectiveCallable.run(ReflectiveCallable.java:12) [junit-4.12.jar:4.12]
	at org.springframework.test.context.junit4.SpringJUnit4ClassRunner.methodBlock(SpringJUnit4ClassRunner.java:291) [spring-test-5.0.4.RELEASE.jar:5.0.4.RELEASE]
	at org.springframework.test.context.junit4.SpringJUnit4ClassRunner.runChild(SpringJUnit4ClassRunner.java:246) [spring-test-5.0.4.RELEASE.jar:5.0.4.RELEASE]
	at org.springframework.test.context.junit4.SpringJUnit4ClassRunner.runChild(SpringJUnit4ClassRunner.java:97) [spring-test-5.0.4.RELEASE.jar:5.0.4.RELEASE]
	at org.junit.runners.ParentRunner$3.run(ParentRunner.java:290) [junit-4.12.jar:4.12]
	at org.junit.runners.ParentRunner$1.schedule(ParentRunner.java:71) [junit-4.12.jar:4.12]
	at org.junit.runners.ParentRunner.runChildren(ParentRunner.java:288) [junit-4.12.jar:4.12]
	at org.junit.runners.ParentRunner.access$000(ParentRunner.java:58) [junit-4.12.jar:4.12]
	at org.junit.runners.ParentRunner$2.evaluate(ParentRunner.java:268) [junit-4.12.jar:4.12]
	at org.springframework.test.context.junit4.statements.RunBeforeTestClassCallbacks.evaluate(RunBeforeTestClassCallbacks.java:61) [spring-test-5.0.4.RELEASE.jar:5.0.4.RELEASE]
	at org.springframework.test.context.junit4.statements.RunAfterTestClassCallbacks.evaluate(RunAfterTestClassCallbacks.java:70) [spring-test-5.0.4.RELEASE.jar:5.0.4.RELEASE]
	at org.junit.runners.ParentRunner.run(ParentRunner.java:363) [junit-4.12.jar:4.12]
	at org.springframework.test.context.junit4.SpringJUnit4ClassRunner.run(SpringJUnit4ClassRunner.java:190) [spring-test-5.0.4.RELEASE.jar:5.0.4.RELEASE]
	at org.apache.maven.surefire.junit4.JUnit4Provider.execute(JUnit4Provider.java:369) [surefire-junit4-2.20.1.jar:2.20.1]
	at org.apache.maven.surefire.junit4.JUnit4Provider.executeWithRerun(JUnit4Provider.java:275) [surefire-junit4-2.20.1.jar:2.20.1]
	at org.apache.maven.surefire.junit4.JUnit4Provider.executeTestSet(JUnit4Provider.java:239) [surefire-junit4-2.20.1.jar:2.20.1]
	at org.apache.maven.surefire.junit4.JUnit4Provider.invoke(JUnit4Provider.java:160) [surefire-junit4-2.20.1.jar:2.20.1]
	at org.apache.maven.surefire.booter.ForkedBooter.invokeProviderInSameClassLoader(ForkedBooter.java:373) [surefire-booter-2.20.1.jar:2.20.1]
	at org.apache.maven.surefire.booter.ForkedBooter.runSuitesInProcess(ForkedBooter.java:334) [surefire-booter-2.20.1.jar:2.20.1]
	at org.apache.maven.surefire.booter.ForkedBooter.execute(ForkedBooter.java:119) [surefire-booter-2.20.1.jar:2.20.1]
	at org.apache.maven.surefire.booter.ForkedBooter.main(ForkedBooter.java:407) [surefire-booter-2.20.1.jar:2.20.1]
Caused by: org.springframework.beans.factory.BeanCreationException: Error creating bean with name 'hazelcastInstance' defined in class path resource [com/hazelcast/client/ApplicationConfig$HazelcastClientConfiguration.class]: Bean instantiation via factory method failed; nested exception is org.springframework.beans.BeanInstantiationException: Failed to instantiate [com.hazelcast.core.HazelcastInstance]: Factory method 'hazelcastInstance' threw exception; nested exception is java.lang.RuntimeException: Failed to configure discovery strategies
	at org.springframework.beans.factory.support.ConstructorResolver.instantiateUsingFactoryMethod(ConstructorResolver.java:587) ~[spring-beans-5.0.4.RELEASE.jar:5.0.4.RELEASE]
	at org.springframework.beans.factory.support.AbstractAutowireCapableBeanFactory.instantiateUsingFactoryMethod(AbstractAutowireCapableBeanFactory.java:1250) ~[spring-beans-5.0.4.RELEASE.jar:5.0.4.RELEASE]
	at org.springframework.beans.factory.support.AbstractAutowireCapableBeanFactory.createBeanInstance(AbstractAutowireCapableBeanFactory.java:1099) ~[spring-beans-5.0.4.RELEASE.jar:5.0.4.RELEASE]
	at org.springframework.beans.factory.support.AbstractAutowireCapableBeanFactory.doCreateBean(AbstractAutowireCapableBeanFactory.java:545) ~[spring-beans-5.0.4.RELEASE.jar:5.0.4.RELEASE]
	at org.springframework.beans.factory.support.AbstractAutowireCapableBeanFactory.createBean(AbstractAutowireCapableBeanFactory.java:502) ~[spring-beans-5.0.4.RELEASE.jar:5.0.4.RELEASE]
	at org.springframework.beans.factory.support.AbstractBeanFactory.lambda$doGetBean$0(AbstractBeanFactory.java:312) ~[spring-beans-5.0.4.RELEASE.jar:5.0.4.RELEASE]
	at org.springframework.beans.factory.support.DefaultSingletonBeanRegistry.getSingleton(DefaultSingletonBeanRegistry.java:228) ~[spring-beans-5.0.4.RELEASE.jar:5.0.4.RELEASE]
	at org.springframework.beans.factory.support.AbstractBeanFactory.doGetBean(AbstractBeanFactory.java:310) ~[spring-beans-5.0.4.RELEASE.jar:5.0.4.RELEASE]
	at org.springframework.beans.factory.support.AbstractBeanFactory.getBean(AbstractBeanFactory.java:200) ~[spring-beans-5.0.4.RELEASE.jar:5.0.4.RELEASE]
	at org.springframework.beans.factory.config.DependencyDescriptor.resolveCandidate(DependencyDescriptor.java:251) ~[spring-beans-5.0.4.RELEASE.jar:5.0.4.RELEASE]
	at org.springframework.beans.factory.support.DefaultListableBeanFactory.doResolveDependency(DefaultListableBeanFactory.java:1138) ~[spring-beans-5.0.4.RELEASE.jar:5.0.4.RELEASE]
	at org.springframework.beans.factory.support.DefaultListableBeanFactory.resolveDependency(DefaultListableBeanFactory.java:1065) ~[spring-beans-5.0.4.RELEASE.jar:5.0.4.RELEASE]
	at org.springframework.beans.factory.support.ConstructorResolver.resolveAutowiredArgument(ConstructorResolver.java:815) ~[spring-beans-5.0.4.RELEASE.jar:5.0.4.RELEASE]
	at org.springframework.beans.factory.support.ConstructorResolver.createArgumentArray(ConstructorResolver.java:721) ~[spring-beans-5.0.4.RELEASE.jar:5.0.4.RELEASE]
	... 45 common frames omitted
Caused by: org.springframework.beans.BeanInstantiationException: Failed to instantiate [com.hazelcast.core.HazelcastInstance]: Factory method 'hazelcastInstance' threw exception; nested exception is java.lang.RuntimeException: Failed to configure discovery strategies
	at org.springframework.beans.factory.support.SimpleInstantiationStrategy.instantiate(SimpleInstantiationStrategy.java:185) ~[spring-beans-5.0.4.RELEASE.jar:5.0.4.RELEASE]
	at org.springframework.beans.factory.support.ConstructorResolver.instantiateUsingFactoryMethod(ConstructorResolver.java:579) ~[spring-beans-5.0.4.RELEASE.jar:5.0.4.RELEASE]
	... 58 common frames omitted
Caused by: java.lang.RuntimeException: Failed to configure discovery strategies
	at com.hazelcast.spi.discovery.impl.DefaultDiscoveryService.loadDiscoveryStrategies(DefaultDiscoveryService.java:149) ~[hazelcast-3.12.2.jar:3.12.2]
	at com.hazelcast.spi.discovery.impl.DefaultDiscoveryService.<init>(DefaultDiscoveryService.java:57) ~[hazelcast-3.12.2.jar:3.12.2]
	at com.hazelcast.spi.discovery.impl.DefaultDiscoveryServiceProvider.newDiscoveryService(DefaultDiscoveryServiceProvider.java:29) ~[hazelcast-3.12.2.jar:3.12.2]
	at com.hazelcast.client.impl.clientside.ClientDiscoveryServiceBuilder.initDiscoveryService(ClientDiscoveryServiceBuilder.java:268) ~[hazelcast-client-3.12.2.jar:3.12.2]
	at com.hazelcast.client.impl.clientside.ClientDiscoveryServiceBuilder.build(ClientDiscoveryServiceBuilder.java:92) ~[hazelcast-client-3.12.2.jar:3.12.2]
	at com.hazelcast.client.impl.clientside.HazelcastClientInstanceImpl.initClientDiscoveryService(HazelcastClientInstanceImpl.java:300) ~[hazelcast-client-3.12.2.jar:3.12.2]
	at com.hazelcast.client.impl.clientside.HazelcastClientInstanceImpl.<init>(HazelcastClientInstanceImpl.java:243) ~[hazelcast-client-3.12.2.jar:3.12.2]
	at com.hazelcast.client.HazelcastClient.newHazelcastClientInternal(HazelcastClient.java:195) ~[hazelcast-client-3.12.2.jar:na]
	at com.hazelcast.client.HazelcastClient.newHazelcastClient(HazelcastClient.java:132) ~[hazelcast-client-3.12.2.jar:na]
	at com.hazelcast.client.ApplicationConfig$HazelcastClientConfiguration.hazelcastInstance(ApplicationConfig.java:33) ~[classes/:na]
	at com.hazelcast.client.ApplicationConfig$HazelcastClientConfiguration$$EnhancerBySpringCGLIB$$1f7329b8.CGLIB$hazelcastInstance$0(<generated>) ~[classes/:na]
	at com.hazelcast.client.ApplicationConfig$HazelcastClientConfiguration$$EnhancerBySpringCGLIB$$1f7329b8$$FastClassBySpringCGLIB$$3c6fdd22.invoke(<generated>) ~[classes/:na]
	at org.springframework.cglib.proxy.MethodProxy.invokeSuper(MethodProxy.java:228) ~[spring-core-5.0.4.RELEASE.jar:5.0.4.RELEASE]
	at org.springframework.context.annotation.ConfigurationClassEnhancer$BeanMethodInterceptor.intercept(ConfigurationClassEnhancer.java:361) ~[spring-context-5.0.4.RELEASE.jar:5.0.4.RELEASE]
	at com.hazelcast.client.ApplicationConfig$HazelcastClientConfiguration$$EnhancerBySpringCGLIB$$1f7329b8.hazelcastInstance(<generated>) ~[classes/:na]
	at sun.reflect.NativeMethodAccessorImpl.invoke0(Native Method) ~[na:1.8.0_101]
	at sun.reflect.NativeMethodAccessorImpl.invoke(NativeMethodAccessorImpl.java:62) ~[na:1.8.0_101]
	at sun.reflect.DelegatingMethodAccessorImpl.invoke(DelegatingMethodAccessorImpl.java:43) ~[na:1.8.0_101]
	at java.lang.reflect.Method.invoke(Method.java:498) ~[na:1.8.0_101]
	at org.springframework.beans.factory.support.SimpleInstantiationStrategy.instantiate(SimpleInstantiationStrategy.java:154) ~[spring-beans-5.0.4.RELEASE.jar:5.0.4.RELEASE]
	... 59 common frames omitted
Caused by: java.lang.RuntimeException: Could not get token file
	at com.hazelcast.kubernetes.ServiceEndpointResolver.readFileContents(ServiceEndpointResolver.java:169) ~[hazelcast-kubernetes-1.1.0.jar:na]
	at com.hazelcast.kubernetes.ServiceEndpointResolver.getAccountToken(ServiceEndpointResolver.java:157) ~[hazelcast-kubernetes-1.1.0.jar:na]
	at com.hazelcast.kubernetes.ServiceEndpointResolver.buildKubernetesClient(ServiceEndpointResolver.java:71) ~[hazelcast-kubernetes-1.1.0.jar:na]
	at com.hazelcast.kubernetes.ServiceEndpointResolver.<init>(ServiceEndpointResolver.java:66) ~[hazelcast-kubernetes-1.1.0.jar:na]
	at com.hazelcast.kubernetes.HazelcastKubernetesDiscoveryStrategy.<init>(HazelcastKubernetesDiscoveryStrategy.java:79) ~[hazelcast-kubernetes-1.1.0.jar:na]
	at com.hazelcast.kubernetes.HazelcastKubernetesDiscoveryStrategyFactory.newDiscoveryStrategy(HazelcastKubernetesDiscoveryStrategyFactory.java:57) ~[hazelcast-kubernetes-1.1.0.jar:na]
	at com.hazelcast.spi.discovery.impl.DefaultDiscoveryService.buildDiscoveryStrategy(DefaultDiscoveryService.java:183) ~[hazelcast-3.12.2.jar:3.12.2]
	at com.hazelcast.spi.discovery.impl.DefaultDiscoveryService.loadDiscoveryStrategies(DefaultDiscoveryService.java:141) ~[hazelcast-3.12.2.jar:3.12.2]
	... 78 common frames omitted
Caused by: java.io.FileNotFoundException: /var/run/secrets/kubernetes.io/serviceaccount/token (No such file or directory)
	at java.io.FileInputStream.open0(Native Method) ~[na:1.8.0_101]
	at java.io.FileInputStream.open(FileInputStream.java:195) ~[na:1.8.0_101]
	at java.io.FileInputStream.<init>(FileInputStream.java:138) ~[na:1.8.0_101]
	at com.hazelcast.kubernetes.ServiceEndpointResolver.readFileContents(ServiceEndpointResolver.java:165) ~[hazelcast-kubernetes-1.1.0.jar:na]
	... 85 common frames omitted

2019-08-13 12:26:26.408 ERROR 73817 --- [           main] o.s.test.context.TestContextManager      : Caught exception while allowing TestExecutionListener [org.springframework.test.context.web.ServletTestExecutionListener@6771beb3] to prepare test instance [com.hazelcast.client.HazelCastClientJarApplicationTests@69e2fe3b]

java.lang.IllegalStateException: Failed to load ApplicationContext
	at org.springframework.test.context.cache.DefaultCacheAwareContextLoaderDelegate.loadContext(DefaultCacheAwareContextLoaderDelegate.java:125) ~[spring-test-5.0.4.RELEASE.jar:5.0.4.RELEASE]
	at org.springframework.test.context.support.DefaultTestContext.getApplicationContext(DefaultTestContext.java:107) ~[spring-test-5.0.4.RELEASE.jar:5.0.4.RELEASE]
	at org.springframework.test.context.web.ServletTestExecutionListener.setUpRequestContextIfNecessary(ServletTestExecutionListener.java:190) ~[spring-test-5.0.4.RELEASE.jar:5.0.4.RELEASE]
	at org.springframework.test.context.web.ServletTestExecutionListener.prepareTestInstance(ServletTestExecutionListener.java:132) ~[spring-test-5.0.4.RELEASE.jar:5.0.4.RELEASE]
	at org.springframework.test.context.TestContextManager.prepareTestInstance(TestContextManager.java:242) ~[spring-test-5.0.4.RELEASE.jar:5.0.4.RELEASE]
	at org.springframework.test.context.junit4.SpringJUnit4ClassRunner.createTest(SpringJUnit4ClassRunner.java:227) [spring-test-5.0.4.RELEASE.jar:5.0.4.RELEASE]
	at org.springframework.test.context.junit4.SpringJUnit4ClassRunner$1.runReflectiveCall(SpringJUnit4ClassRunner.java:289) [spring-test-5.0.4.RELEASE.jar:5.0.4.RELEASE]
	at org.junit.internal.runners.model.ReflectiveCallable.run(ReflectiveCallable.java:12) [junit-4.12.jar:4.12]
	at org.springframework.test.context.junit4.SpringJUnit4ClassRunner.methodBlock(SpringJUnit4ClassRunner.java:291) [spring-test-5.0.4.RELEASE.jar:5.0.4.RELEASE]
	at org.springframework.test.context.junit4.SpringJUnit4ClassRunner.runChild(SpringJUnit4ClassRunner.java:246) [spring-test-5.0.4.RELEASE.jar:5.0.4.RELEASE]
	at org.springframework.test.context.junit4.SpringJUnit4ClassRunner.runChild(SpringJUnit4ClassRunner.java:97) [spring-test-5.0.4.RELEASE.jar:5.0.4.RELEASE]
	at org.junit.runners.ParentRunner$3.run(ParentRunner.java:290) [junit-4.12.jar:4.12]
	at org.junit.runners.ParentRunner$1.schedule(ParentRunner.java:71) [junit-4.12.jar:4.12]
	at org.junit.runners.ParentRunner.runChildren(ParentRunner.java:288) [junit-4.12.jar:4.12]
	at org.junit.runners.ParentRunner.access$000(ParentRunner.java:58) [junit-4.12.jar:4.12]
	at org.junit.runners.ParentRunner$2.evaluate(ParentRunner.java:268) [junit-4.12.jar:4.12]
	at org.springframework.test.context.junit4.statements.RunBeforeTestClassCallbacks.evaluate(RunBeforeTestClassCallbacks.java:61) [spring-test-5.0.4.RELEASE.jar:5.0.4.RELEASE]
	at org.springframework.test.context.junit4.statements.RunAfterTestClassCallbacks.evaluate(RunAfterTestClassCallbacks.java:70) [spring-test-5.0.4.RELEASE.jar:5.0.4.RELEASE]
	at org.junit.runners.ParentRunner.run(ParentRunner.java:363) [junit-4.12.jar:4.12]
	at org.springframework.test.context.junit4.SpringJUnit4ClassRunner.run(SpringJUnit4ClassRunner.java:190) [spring-test-5.0.4.RELEASE.jar:5.0.4.RELEASE]
	at org.apache.maven.surefire.junit4.JUnit4Provider.execute(JUnit4Provider.java:369) [surefire-junit4-2.20.1.jar:2.20.1]
	at org.apache.maven.surefire.junit4.JUnit4Provider.executeWithRerun(JUnit4Provider.java:275) [surefire-junit4-2.20.1.jar:2.20.1]
	at org.apache.maven.surefire.junit4.JUnit4Provider.executeTestSet(JUnit4Provider.java:239) [surefire-junit4-2.20.1.jar:2.20.1]
	at org.apache.maven.surefire.junit4.JUnit4Provider.invoke(JUnit4Provider.java:160) [surefire-junit4-2.20.1.jar:2.20.1]
	at org.apache.maven.surefire.booter.ForkedBooter.invokeProviderInSameClassLoader(ForkedBooter.java:373) [surefire-booter-2.20.1.jar:2.20.1]
	at org.apache.maven.surefire.booter.ForkedBooter.runSuitesInProcess(ForkedBooter.java:334) [surefire-booter-2.20.1.jar:2.20.1]
	at org.apache.maven.surefire.booter.ForkedBooter.execute(ForkedBooter.java:119) [surefire-booter-2.20.1.jar:2.20.1]
	at org.apache.maven.surefire.booter.ForkedBooter.main(ForkedBooter.java:407) [surefire-booter-2.20.1.jar:2.20.1]
Caused by: org.springframework.beans.factory.UnsatisfiedDependencyException: Error creating bean with name 'hazelcastController' defined in file [/Users/SAMRAT/eclipse-workspace/GCP/HazelCastClientJAR/target/classes/com/hazelcast/client/controllers/HazelcastController.class]: Unsatisfied dependency expressed through constructor parameter 0; nested exception is org.springframework.beans.factory.BeanCreationException: Error creating bean with name 'hazelcastInstance' defined in class path resource [com/hazelcast/client/ApplicationConfig$HazelcastClientConfiguration.class]: Bean instantiation via factory method failed; nested exception is org.springframework.beans.BeanInstantiationException: Failed to instantiate [com.hazelcast.core.HazelcastInstance]: Factory method 'hazelcastInstance' threw exception; nested exception is java.lang.RuntimeException: Failed to configure discovery strategies
	at org.springframework.beans.factory.support.ConstructorResolver.createArgumentArray(ConstructorResolver.java:729) ~[spring-beans-5.0.4.RELEASE.jar:5.0.4.RELEASE]
	at org.springframework.beans.factory.support.ConstructorResolver.autowireConstructor(ConstructorResolver.java:192) ~[spring-beans-5.0.4.RELEASE.jar:5.0.4.RELEASE]
	at org.springframework.beans.factory.support.AbstractAutowireCapableBeanFactory.autowireConstructor(AbstractAutowireCapableBeanFactory.java:1270) ~[spring-beans-5.0.4.RELEASE.jar:5.0.4.RELEASE]
	at org.springframework.beans.factory.support.AbstractAutowireCapableBeanFactory.createBeanInstance(AbstractAutowireCapableBeanFactory.java:1127) ~[spring-beans-5.0.4.RELEASE.jar:5.0.4.RELEASE]
	at org.springframework.beans.factory.support.AbstractAutowireCapableBeanFactory.doCreateBean(AbstractAutowireCapableBeanFactory.java:545) ~[spring-beans-5.0.4.RELEASE.jar:5.0.4.RELEASE]
	at org.springframework.beans.factory.support.AbstractAutowireCapableBeanFactory.createBean(AbstractAutowireCapableBeanFactory.java:502) ~[spring-beans-5.0.4.RELEASE.jar:5.0.4.RELEASE]
	at org.springframework.beans.factory.support.AbstractBeanFactory.lambda$doGetBean$0(AbstractBeanFactory.java:312) ~[spring-beans-5.0.4.RELEASE.jar:5.0.4.RELEASE]
	at org.springframework.beans.factory.support.DefaultSingletonBeanRegistry.getSingleton(DefaultSingletonBeanRegistry.java:228) ~[spring-beans-5.0.4.RELEASE.jar:5.0.4.RELEASE]
	at org.springframework.beans.factory.support.AbstractBeanFactory.doGetBean(AbstractBeanFactory.java:310) ~[spring-beans-5.0.4.RELEASE.jar:5.0.4.RELEASE]
	at org.springframework.beans.factory.support.AbstractBeanFactory.getBean(AbstractBeanFactory.java:200) ~[spring-beans-5.0.4.RELEASE.jar:5.0.4.RELEASE]
	at org.springframework.beans.factory.support.DefaultListableBeanFactory.preInstantiateSingletons(DefaultListableBeanFactory.java:760) ~[spring-beans-5.0.4.RELEASE.jar:5.0.4.RELEASE]
	at org.springframework.context.support.AbstractApplicationContext.finishBeanFactoryInitialization(AbstractApplicationContext.java:868) ~[spring-context-5.0.4.RELEASE.jar:5.0.4.RELEASE]
	at org.springframework.context.support.AbstractApplicationContext.refresh(AbstractApplicationContext.java:549) ~[spring-context-5.0.4.RELEASE.jar:5.0.4.RELEASE]
	at org.springframework.boot.SpringApplication.refresh(SpringApplication.java:752) ~[spring-boot-2.0.0.RELEASE.jar:2.0.0.RELEASE]
	at org.springframework.boot.SpringApplication.refreshContext(SpringApplication.java:388) ~[spring-boot-2.0.0.RELEASE.jar:2.0.0.RELEASE]
	at org.springframework.boot.SpringApplication.run(SpringApplication.java:327) ~[spring-boot-2.0.0.RELEASE.jar:2.0.0.RELEASE]
	at org.springframework.boot.test.context.SpringBootContextLoader.loadContext(SpringBootContextLoader.java:138) ~[spring-boot-test-2.0.0.RELEASE.jar:2.0.0.RELEASE]
	at org.springframework.test.context.cache.DefaultCacheAwareContextLoaderDelegate.loadContextInternal(DefaultCacheAwareContextLoaderDelegate.java:99) ~[spring-test-5.0.4.RELEASE.jar:5.0.4.RELEASE]
	at org.springframework.test.context.cache.DefaultCacheAwareContextLoaderDelegate.loadContext(DefaultCacheAwareContextLoaderDelegate.java:117) ~[spring-test-5.0.4.RELEASE.jar:5.0.4.RELEASE]
	... 27 common frames omitted
Caused by: org.springframework.beans.factory.BeanCreationException: Error creating bean with name 'hazelcastInstance' defined in class path resource [com/hazelcast/client/ApplicationConfig$HazelcastClientConfiguration.class]: Bean instantiation via factory method failed; nested exception is org.springframework.beans.BeanInstantiationException: Failed to instantiate [com.hazelcast.core.HazelcastInstance]: Factory method 'hazelcastInstance' threw exception; nested exception is java.lang.RuntimeException: Failed to configure discovery strategies
	at org.springframework.beans.factory.support.ConstructorResolver.instantiateUsingFactoryMethod(ConstructorResolver.java:587) ~[spring-beans-5.0.4.RELEASE.jar:5.0.4.RELEASE]
	at org.springframework.beans.factory.support.AbstractAutowireCapableBeanFactory.instantiateUsingFactoryMethod(AbstractAutowireCapableBeanFactory.java:1250) ~[spring-beans-5.0.4.RELEASE.jar:5.0.4.RELEASE]
	at org.springframework.beans.factory.support.AbstractAutowireCapableBeanFactory.createBeanInstance(AbstractAutowireCapableBeanFactory.java:1099) ~[spring-beans-5.0.4.RELEASE.jar:5.0.4.RELEASE]
	at org.springframework.beans.factory.support.AbstractAutowireCapableBeanFactory.doCreateBean(AbstractAutowireCapableBeanFactory.java:545) ~[spring-beans-5.0.4.RELEASE.jar:5.0.4.RELEASE]
	at org.springframework.beans.factory.support.AbstractAutowireCapableBeanFactory.createBean(AbstractAutowireCapableBeanFactory.java:502) ~[spring-beans-5.0.4.RELEASE.jar:5.0.4.RELEASE]
	at org.springframework.beans.factory.support.AbstractBeanFactory.lambda$doGetBean$0(AbstractBeanFactory.java:312) ~[spring-beans-5.0.4.RELEASE.jar:5.0.4.RELEASE]
	at org.springframework.beans.factory.support.DefaultSingletonBeanRegistry.getSingleton(DefaultSingletonBeanRegistry.java:228) ~[spring-beans-5.0.4.RELEASE.jar:5.0.4.RELEASE]
	at org.springframework.beans.factory.support.AbstractBeanFactory.doGetBean(AbstractBeanFactory.java:310) ~[spring-beans-5.0.4.RELEASE.jar:5.0.4.RELEASE]
	at org.springframework.beans.factory.support.AbstractBeanFactory.getBean(AbstractBeanFactory.java:200) ~[spring-beans-5.0.4.RELEASE.jar:5.0.4.RELEASE]
	at org.springframework.beans.factory.config.DependencyDescriptor.resolveCandidate(DependencyDescriptor.java:251) ~[spring-beans-5.0.4.RELEASE.jar:5.0.4.RELEASE]
	at org.springframework.beans.factory.support.DefaultListableBeanFactory.doResolveDependency(DefaultListableBeanFactory.java:1138) ~[spring-beans-5.0.4.RELEASE.jar:5.0.4.RELEASE]
	at org.springframework.beans.factory.support.DefaultListableBeanFactory.resolveDependency(DefaultListableBeanFactory.java:1065) ~[spring-beans-5.0.4.RELEASE.jar:5.0.4.RELEASE]
	at org.springframework.beans.factory.support.ConstructorResolver.resolveAutowiredArgument(ConstructorResolver.java:815) ~[spring-beans-5.0.4.RELEASE.jar:5.0.4.RELEASE]
	at org.springframework.beans.factory.support.ConstructorResolver.createArgumentArray(ConstructorResolver.java:721) ~[spring-beans-5.0.4.RELEASE.jar:5.0.4.RELEASE]
	... 45 common frames omitted
Caused by: org.springframework.beans.BeanInstantiationException: Failed to instantiate [com.hazelcast.core.HazelcastInstance]: Factory method 'hazelcastInstance' threw exception; nested exception is java.lang.RuntimeException: Failed to configure discovery strategies
	at org.springframework.beans.factory.support.SimpleInstantiationStrategy.instantiate(SimpleInstantiationStrategy.java:185) ~[spring-beans-5.0.4.RELEASE.jar:5.0.4.RELEASE]
	at org.springframework.beans.factory.support.ConstructorResolver.instantiateUsingFactoryMethod(ConstructorResolver.java:579) ~[spring-beans-5.0.4.RELEASE.jar:5.0.4.RELEASE]
	... 58 common frames omitted
Caused by: java.lang.RuntimeException: Failed to configure discovery strategies
	at com.hazelcast.spi.discovery.impl.DefaultDiscoveryService.loadDiscoveryStrategies(DefaultDiscoveryService.java:149) ~[hazelcast-3.12.2.jar:3.12.2]
	at com.hazelcast.spi.discovery.impl.DefaultDiscoveryService.<init>(DefaultDiscoveryService.java:57) ~[hazelcast-3.12.2.jar:3.12.2]
	at com.hazelcast.spi.discovery.impl.DefaultDiscoveryServiceProvider.newDiscoveryService(DefaultDiscoveryServiceProvider.java:29) ~[hazelcast-3.12.2.jar:3.12.2]
	at com.hazelcast.client.impl.clientside.ClientDiscoveryServiceBuilder.initDiscoveryService(ClientDiscoveryServiceBuilder.java:268) ~[hazelcast-client-3.12.2.jar:3.12.2]
	at com.hazelcast.client.impl.clientside.ClientDiscoveryServiceBuilder.build(ClientDiscoveryServiceBuilder.java:92) ~[hazelcast-client-3.12.2.jar:3.12.2]
	at com.hazelcast.client.impl.clientside.HazelcastClientInstanceImpl.initClientDiscoveryService(HazelcastClientInstanceImpl.java:300) ~[hazelcast-client-3.12.2.jar:3.12.2]
	at com.hazelcast.client.impl.clientside.HazelcastClientInstanceImpl.<init>(HazelcastClientInstanceImpl.java:243) ~[hazelcast-client-3.12.2.jar:3.12.2]
	at com.hazelcast.client.HazelcastClient.newHazelcastClientInternal(HazelcastClient.java:195) ~[hazelcast-client-3.12.2.jar:na]
	at com.hazelcast.client.HazelcastClient.newHazelcastClient(HazelcastClient.java:132) ~[hazelcast-client-3.12.2.jar:na]
	at com.hazelcast.client.ApplicationConfig$HazelcastClientConfiguration.hazelcastInstance(ApplicationConfig.java:33) ~[classes/:na]
	at com.hazelcast.client.ApplicationConfig$HazelcastClientConfiguration$$EnhancerBySpringCGLIB$$1f7329b8.CGLIB$hazelcastInstance$0(<generated>) ~[classes/:na]
	at com.hazelcast.client.ApplicationConfig$HazelcastClientConfiguration$$EnhancerBySpringCGLIB$$1f7329b8$$FastClassBySpringCGLIB$$3c6fdd22.invoke(<generated>) ~[classes/:na]
	at org.springframework.cglib.proxy.MethodProxy.invokeSuper(MethodProxy.java:228) ~[spring-core-5.0.4.RELEASE.jar:5.0.4.RELEASE]
	at org.springframework.context.annotation.ConfigurationClassEnhancer$BeanMethodInterceptor.intercept(ConfigurationClassEnhancer.java:361) ~[spring-context-5.0.4.RELEASE.jar:5.0.4.RELEASE]
	at com.hazelcast.client.ApplicationConfig$HazelcastClientConfiguration$$EnhancerBySpringCGLIB$$1f7329b8.hazelcastInstance(<generated>) ~[classes/:na]
	at sun.reflect.NativeMethodAccessorImpl.invoke0(Native Method) ~[na:1.8.0_101]
	at sun.reflect.NativeMethodAccessorImpl.invoke(NativeMethodAccessorImpl.java:62) ~[na:1.8.0_101]
	at sun.reflect.DelegatingMethodAccessorImpl.invoke(DelegatingMethodAccessorImpl.java:43) ~[na:1.8.0_101]
	at java.lang.reflect.Method.invoke(Method.java:498) ~[na:1.8.0_101]
	at org.springframework.beans.factory.support.SimpleInstantiationStrategy.instantiate(SimpleInstantiationStrategy.java:154) ~[spring-beans-5.0.4.RELEASE.jar:5.0.4.RELEASE]
	... 59 common frames omitted
Caused by: java.lang.RuntimeException: Could not get token file
	at com.hazelcast.kubernetes.ServiceEndpointResolver.readFileContents(ServiceEndpointResolver.java:169) ~[hazelcast-kubernetes-1.1.0.jar:na]
	at com.hazelcast.kubernetes.ServiceEndpointResolver.getAccountToken(ServiceEndpointResolver.java:157) ~[hazelcast-kubernetes-1.1.0.jar:na]
	at com.hazelcast.kubernetes.ServiceEndpointResolver.buildKubernetesClient(ServiceEndpointResolver.java:71) ~[hazelcast-kubernetes-1.1.0.jar:na]
	at com.hazelcast.kubernetes.ServiceEndpointResolver.<init>(ServiceEndpointResolver.java:66) ~[hazelcast-kubernetes-1.1.0.jar:na]
	at com.hazelcast.kubernetes.HazelcastKubernetesDiscoveryStrategy.<init>(HazelcastKubernetesDiscoveryStrategy.java:79) ~[hazelcast-kubernetes-1.1.0.jar:na]
	at com.hazelcast.kubernetes.HazelcastKubernetesDiscoveryStrategyFactory.newDiscoveryStrategy(HazelcastKubernetesDiscoveryStrategyFactory.java:57) ~[hazelcast-kubernetes-1.1.0.jar:na]
	at com.hazelcast.spi.discovery.impl.DefaultDiscoveryService.buildDiscoveryStrategy(DefaultDiscoveryService.java:183) ~[hazelcast-3.12.2.jar:3.12.2]
	at com.hazelcast.spi.discovery.impl.DefaultDiscoveryService.loadDiscoveryStrategies(DefaultDiscoveryService.java:141) ~[hazelcast-3.12.2.jar:3.12.2]
	... 78 common frames omitted
Caused by: java.io.FileNotFoundException: /var/run/secrets/kubernetes.io/serviceaccount/token (No such file or directory)
	at java.io.FileInputStream.open0(Native Method) ~[na:1.8.0_101]
	at java.io.FileInputStream.open(FileInputStream.java:195) ~[na:1.8.0_101]
	at java.io.FileInputStream.<init>(FileInputStream.java:138) ~[na:1.8.0_101]
	at com.hazelcast.kubernetes.ServiceEndpointResolver.readFileContents(ServiceEndpointResolver.java:165) ~[hazelcast-kubernetes-1.1.0.jar:na]
	... 85 common frames omitted

]]></system-out>
  </testcase>
</testsuite>